#
# A fatal error has been detected by the Java Runtime Environment:
#
#  SIGSEGV (0xb) at pc=0x00007fff2c509994, pid=4887, tid=9987
#
# JRE version: Java(TM) SE Runtime Environment (11.0.6+8) (build 11.0.6+8-LTS)
# Java VM: Java HotSpot(TM) 64-Bit Server VM (11.0.6+8-LTS, mixed mode, tiered, compressed oops, g1 gc, bsd-amd64)
# Problematic frame:
# C  [HIToolbox+0x27994]  _ZNK22THIThemeTextInfoFinder13GetTruncationEv+0x8
#
# No core dump will be written. Core dumps have been disabled. To enable core dumping, try "ulimit -c unlimited" before starting Java again
#
# If you would like to submit a bug report, please visit:
#   http://bugreport.java.com/bugreport/crash.jsp
# The crash happened outside the Java Virtual Machine in native code.
# See problematic frame for where to report the bug.
#

---------------  S U M M A R Y ------------

Command Line: -javaagent:/Applications/IntelliJ IDEA Edu.app/Contents/lib/idea_rt.jar=52530:/Applications/IntelliJ IDEA Edu.app/Contents/bin -Dfile.encoding=UTF-8 com.bubble.hearthstone.Hearthstone

Host: MacBookPro11,4 x86_64 2200 MHz, 8 cores, 16G, Darwin 19.5.0
Time: Thu Jul  2 12:38:04 2020 +0430 elapsed time: 0 seconds (0d 0h 0m 0s)

---------------  T H R E A D  ---------------

Current thread (0x00007fd546009000):  JavaThread "main" [_thread_in_native, id=9987, stack(0x00007000009c3000,0x0000700000ac3000)]

Stack: [0x00007000009c3000,0x0000700000ac3000],  sp=0x0000700000ac1610,  free space=1017k
Native frames: (J=compiled Java code, A=aot compiled Java code, j=interpreted, Vv=VM code, C=native code)
C  [HIToolbox+0x27994]  _ZNK22THIThemeTextInfoFinder13GetTruncationEv+0x8
C  [HIToolbox+0x27a7f]  _ZN15TCoreTextEngine16LayoutSingleLineEP16THIThemeTextInfof+0x3b
C  [HIToolbox+0x279ed]  _ZN15TCoreTextEngine6LayoutEP16THIThemeTextInfoff14TextLayoutType+0x3b
C  [HIToolbox+0x2775b]  _ZN15TCoreTextEngine22GetThemeTextDimensionsEdP16THIThemeTextInfoPdS2_S2_+0x2b
C  [HIToolbox+0x26247]  _ZN10DataEngine17GetTextDimensionsEPKvdP15HIThemeTextInfoPdS4_S4_+0x10f
C  [HIToolbox+0x26106]  HIThemeGetTextDimensions+0xbc
C  [HIToolbox+0x25a51]  _ZN13HIMenuBarView16MeasureMenuTitleEP8MenuDatahPfi+0x1ab
C  [HIToolbox+0x257de]  _ZN13HIMenuBarView15MeasureAppMenusEv+0xe6
C  [HIToolbox+0x25367]  _ZN13HIMenuBarView15EnsureBarLayoutEv+0x1a3
C  [HIToolbox+0x2ec36]  _ZN13HIMenuBarView17GetAvailableSpaceEP6CGRect+0x12
C  [HIToolbox+0x2ec07]  _Z31_HIMenuBarViewGetAvailableSpaceP16OpaqueControlRefP6CGRect+0x3e
C  [HIToolbox+0x791ab]  ___ZN15MenuBarInstance14AppendSettingsEP9__CFArray_block_invoke+0x103
C  [HIToolbox+0x2e5e0]  _ZN15MenuBarInstance22ForEachActiveDisplayDoEhU13block_pointerFbjE+0x8a
C  [HIToolbox+0x12099]  _ZN15MenuBarInstance15ForEachWindowDoEhU13block_pointerFbP15OpaqueWindowPtrjE+0x159
C  [HIToolbox+0x2eebc]  _ZN15MenuBarInstance14AppendSettingsEP9__CFArray+0x9e
C  [HIToolbox+0x110aa]  _ZN15MenuBarInstance16ForEachMenuBarDoEU13block_pointerFvPS_E+0x2e
C  [HIToolbox+0x2e77b]  _ZN15MenuBarInstance15SetServerBoundsEv+0x99
C  [HIToolbox+0x11b6f]  _ZN15MenuBarInstance4ShowE21MenuBarAnimationStylehhhh+0x215
C  [HIToolbox+0x114aa]  _ZN15MenuBarInstance21UpdateAggregateUIModeE21MenuBarAnimationStylehhh+0x324
C  [HIToolbox+0x110aa]  _ZN15MenuBarInstance16ForEachMenuBarDoEU13block_pointerFvPS_E+0x2e
C  [HIToolbox+0x11042]  _ZL25UpdateAllAggregateUIModes21MenuBarAnimationStyleh+0x7e
C  [HIToolbox+0x10fae]  SetSystemUIMode+0xa5
C  [AppKit+0x321eb]  -[NSApplication finishLaunching]+0x2dc
C  [AppKit+0x31be0]  -[NSApplication run]+0xf4
C  [libglfw.dylib+0x10a85]
C  [libglfw.dylib+0xa416]
j  org.lwjgl.system.JNI.invokePPPP(IIJJJJ)J+0
j  org.lwjgl.glfw.GLFW.nglfwCreateWindow(IIJJJ)J+14
j  org.lwjgl.glfw.GLFW.glfwCreateWindow(IILjava/lang/CharSequence;JJ)J+37
j  com.bubble.hearthstone.module.render.glfw.LwjglWindow.createWindow(Lcom/bubble/hearthstone/stl/Dimension;Ljava/lang/String;)J+11
j  com.bubble.hearthstone.module.render.glfw.LwjglWindow.createWindow()J+14
j  com.bubble.hearthstone.module.render.glfw.LwjglWindow.<init>()V+6
j  com.bubble.hearthstone.module.render.opengl.Renderer.createWindow()V+5
j  com.bubble.hearthstone.module.render.opengl.Renderer.run()V+1
j  com.bubble.hearthstone.module.render.opengl.Renderer.start()V+5
j  com.bubble.hearthstone.Game.start()V+14
j  com.bubble.hearthstone.Hearthstone.run()V+7
j  com.bubble.hearthstone.Hearthstone.main([Ljava/lang/String;)V+8
v  ~StubRoutines::call_stub
V  [libjvm.dylib+0x39ac18]  _ZN9JavaCalls11call_helperEP9JavaValueRK12methodHandleP17JavaCallArgumentsP6Thread+0x21a
V  [libjvm.dylib+0x3dee0b]  _ZL17jni_invoke_staticP7JNIEnv_P9JavaValueP8_jobject11JNICallTypeP10_jmethodIDP18JNI_ArgumentPusherP6Thread+0x11c
V  [libjvm.dylib+0x3e25d6]  jni_CallStaticVoidMethod+0x1d1
C  [java+0x496c]  JavaMain+0xab4
C  [libsystem_pthread.dylib+0x6109]  _pthread_start+0x94
C  [libsystem_pthread.dylib+0x1b8b]  thread_start+0xf

Java frames: (J=compiled Java code, j=interpreted, Vv=VM code)
j  org.lwjgl.system.JNI.invokePPPP(IIJJJJ)J+0
j  org.lwjgl.glfw.GLFW.nglfwCreateWindow(IIJJJ)J+14
j  org.lwjgl.glfw.GLFW.glfwCreateWindow(IILjava/lang/CharSequence;JJ)J+37
j  com.bubble.hearthstone.module.render.glfw.LwjglWindow.createWindow(Lcom/bubble/hearthstone/stl/Dimension;Ljava/lang/String;)J+11
j  com.bubble.hearthstone.module.render.glfw.LwjglWindow.createWindow()J+14
j  com.bubble.hearthstone.module.render.glfw.LwjglWindow.<init>()V+6
j  com.bubble.hearthstone.module.render.opengl.Renderer.createWindow()V+5
j  com.bubble.hearthstone.module.render.opengl.Renderer.run()V+1
j  com.bubble.hearthstone.module.render.opengl.Renderer.start()V+5
j  com.bubble.hearthstone.Game.start()V+14
j  com.bubble.hearthstone.Hearthstone.run()V+7
j  com.bubble.hearthstone.Hearthstone.main([Ljava/lang/String;)V+8
v  ~StubRoutines::call_stub

siginfo: si_signo: 11 (SIGSEGV), si_code: 1 (SEGV_MAPERR), si_addr: 0x0000000000000016

Register to memory mapping:

RAX=0x0 is NULL
RBX=0x00007fd54416bd00 points into unknown readable memory: f8 ab e4 84 ff 7f 00 00
RCX=0x0000700000ac1540 is pointing into the stack for thread: 0x00007fd546009000
RDX=0x00007fff665a8448: objc_debug_isa_class_mask+0 in /usr/lib/libobjc.A.dylib at 0x00007fff6657e000
RSP=0x0000700000ac1610 is pointing into the stack for thread: 0x00007fd546009000
RBP=0x0000700000ac1610 is pointing into the stack for thread: 0x00007fd546009000
RSI=0x00007fd542c5fe78 points into unknown readable memory: 88 ed 55 85 ff 7f 00 00
RDI=0x00007fd54416bd00 points into unknown readable memory: f8 ab e4 84 ff 7f 00 00
R8 =0x000000000000b39f is an unknown value
R9 =0x000000000000b3ad is an unknown value
R10=0x00000000ffffe000 is an unknown value
R11=0x0 is NULL
R12=0x00007fd54416bd00 points into unknown readable memory: f8 ab e4 84 ff 7f 00 00
R13=0x0000700000ac1788 is pointing into the stack for thread: 0x00007fd546009000
R14=0x00007fd54416c180 points into unknown readable memory: d0 a8 e4 84 ff 7f 00 00
R15=0x00007fd542eb7a60 points into unknown readable memory: 09 54 27 85 ff ff 1d 00


Registers:
RAX=0x0000000000000000, RBX=0x00007fd54416bd00, RCX=0x0000700000ac1540, RDX=0x00007fff665a8448
RSP=0x0000700000ac1610, RBP=0x0000700000ac1610, RSI=0x00007fd542c5fe78, RDI=0x00007fd54416bd00
R8 =0x000000000000b39f, R9 =0x000000000000b3ad, R10=0x00000000ffffe000, R11=0x0000000000000000
R12=0x00007fd54416bd00, R13=0x0000700000ac1788, R14=0x00007fd54416c180, R15=0x00007fd542eb7a60
RIP=0x00007fff2c509994, EFLAGS=0x0000000000010206, ERR=0x0000000000000004
  TRAPNO=0x000000000000000e

Top of Stack: (sp=0x0000700000ac1610)
0x0000700000ac1610:   0000700000ac1660 00007fff2c509a7f
0x0000700000ac1620:   00007fd54416bcc0 00007fd54416bd00
0x0000700000ac1630:   7f7fffff00ac1670 00007fd54416bd00
0x0000700000ac1640:   00007fd54416c180 0000700000ac1788
0x0000700000ac1650:   00007fd54416bd00 0000000000000000
0x0000700000ac1660:   0000700000ac16a0 00007fff2c5099ed
0x0000700000ac1670:   7f7fffff00000000 7f7fffff4416bd00
0x0000700000ac1680:   00007fd54416bd00 0000700000ac1790
0x0000700000ac1690:   00007fd54416c180 0000700000ac1780
0x0000700000ac16a0:   0000700000ac16e0 00007fff2c50975b
0x0000700000ac16b0:   00007fff84e4a8d0 00007fd54416c180
0x0000700000ac16c0:   0000700000ac16f8 00007fd54416bcc0
0x0000700000ac16d0:   00007fd54416bd00 00000000000003e9
0x0000700000ac16e0:   0000700000ac1770 00007fff2c508247
0x0000700000ac16f0:   0000000000000004 0000000000000000
0x0000700000ac1700:   0000700000000001 00007fff2d93f84a
0x0000700000ac1710:   0000000000000004 0000000000000000
0x0000700000ac1720:   00007fd544057820 47efffffe0000000
0x0000700000ac1730:   0000700000ac1790 0000700000ac1788
0x0000700000ac1740:   0000700000ac1780 0000000000000000
0x0000700000ac1750:   00007fd54416def0 aa042b1e9ba89439
0x0000700000ac1760:   0000000000000000 0000700000ac1810
0x0000700000ac1770:   0000700000ac17b0 00007fff2c508106
0x0000700000ac1780:   00007fd544057820 00007fd542ea5b40
0x0000700000ac1790:   00007fd54416def0 00007fd54416bcc0
0x0000700000ac17a0:   0000700000ac17c8 0000000000000001
0x0000700000ac17b0:   0000700000ac1840 00007fff2c507a51
0x0000700000ac17c0:   0001000000000001 0000000100000000
0x0000700000ac17d0:   00000000000003e9 0002010200000000
0x0000700000ac17e0:   0000000000010000 0000000000000000
0x0000700000ac17f0:   0000000000000000 00007fd542c50f40
0x0000700000ac1800:   00007fd542ea9a70 0000000100000000 

Instructions: (pc=0x00007fff2c509994)
0x00007fff2c509974:   00 0f 45 c1 eb 06 41 0f b6 c6 01 c0 5b 41 5e 5d
0x00007fff2c509984:   c3 b8 02 00 00 00 eb f4 55 48 89 e5 48 8b 47 08
0x00007fff2c509994:   8b 40 16 5d c3 90 55 48 89 e5 48 8b 47 08 8b 40
0x00007fff2c5099a4:   1a 5d c3 90 90 90 90 90 90 90 90 90 90 90 55 48 

Stack slot to memory mapping:
stack at sp + 0 slots: 0x0000700000ac1660 is pointing into the stack for thread: 0x00007fd546009000
stack at sp + 1 slots: 0x00007fff2c509a7f: _ZN15TCoreTextEngine16LayoutSingleLineEP16THIThemeTextInfof+0x3b in /System/Library/Frameworks/Carbon.framework/Versions/A/Frameworks/HIToolbox.framework/Versions/A/HIToolbox at 0x00007fff2c4e2000
stack at sp + 2 slots: 0x00007fd54416bcc0 points into unknown readable memory: b1 47 27 85 ff ff 1d 00
stack at sp + 3 slots: 0x00007fd54416bd00 points into unknown readable memory: f8 ab e4 84 ff 7f 00 00
stack at sp + 4 slots: 0x7f7fffff00ac1670 is an unknown value
stack at sp + 5 slots: 0x00007fd54416bd00 points into unknown readable memory: f8 ab e4 84 ff 7f 00 00
stack at sp + 6 slots: 0x00007fd54416c180 points into unknown readable memory: d0 a8 e4 84 ff 7f 00 00
stack at sp + 7 slots: 0x0000700000ac1788 is pointing into the stack for thread: 0x00007fd546009000


---------------  P R O C E S S  ---------------

Threads class SMR info:
_java_thread_list=0x00007fd542e88740, length=10, elements={
0x00007fd546009000, 0x00007fd54392e000, 0x00007fd545011000, 0x00007fd544815800,
0x00007fd544818800, 0x00007fd544819800, 0x00007fd54481a800, 0x00007fd5448c9000,
0x00007fd543a72800, 0x00007fd543a6a000
}

Java Threads: ( => current thread )
=>0x00007fd546009000 JavaThread "main" [_thread_in_native, id=9987, stack(0x00007000009c3000,0x0000700000ac3000)]
  0x00007fd54392e000 JavaThread "Reference Handler" daemon [_thread_blocked, id=19203, stack(0x00007000010d8000,0x00007000011d8000)]
  0x00007fd545011000 JavaThread "Finalizer" daemon [_thread_blocked, id=13571, stack(0x00007000011db000,0x00007000012db000)]
  0x00007fd544815800 JavaThread "Signal Dispatcher" daemon [_thread_blocked, id=16899, stack(0x00007000013e4000,0x00007000014e4000)]
  0x00007fd544818800 JavaThread "C2 CompilerThread0" daemon [_thread_blocked, id=15875, stack(0x00007000014e7000,0x00007000015e7000)]
  0x00007fd544819800 JavaThread "C1 CompilerThread0" daemon [_thread_blocked, id=21763, stack(0x00007000015ea000,0x00007000016ea000)]
  0x00007fd54481a800 JavaThread "Sweeper thread" daemon [_thread_blocked, id=22275, stack(0x00007000016ed000,0x00007000017ed000)]
  0x00007fd5448c9000 JavaThread "Common-Cleaner" daemon [_thread_blocked, id=22531, stack(0x00007000017f0000,0x00007000018f0000)]
  0x00007fd543a72800 JavaThread "Monitor Ctrl-Break" daemon [_thread_in_native, id=42243, stack(0x00007000018f3000,0x00007000019f3000)]
  0x00007fd543a6a000 JavaThread "Service Thread" daemon [_thread_blocked, id=41731, stack(0x00007000019f6000,0x0000700001af6000)]

Other Threads:
  0x00007fd54800a800 VMThread "VM Thread" [stack: 0x0000700000fd5000,0x00007000010d5000] [id=12803]
  0x00007fd54786e800 WatcherThread [stack: 0x0000700001af9000,0x0000700001bf9000] [id=23299]
  0x00007fd54480e000 GCTaskThread "GC Thread#0" [stack: 0x0000700000ac6000,0x0000700000bc6000] [id=21251]
  0x00007fd543839000 ConcurrentGCThread "G1 Main Marker" [stack: 0x0000700000bc9000,0x0000700000cc9000] [id=11523]
  0x00007fd54383a000 ConcurrentGCThread "G1 Conc#0" [stack: 0x0000700000ccc000,0x0000700000dcc000] [id=19971]
  0x00007fd5438da800 ConcurrentGCThread "G1 Refine#0" [stack: 0x0000700000dcf000,0x0000700000ecf000] [id=11779]
  0x00007fd547808800 ConcurrentGCThread "G1 Young RemSet Sampling" [stack: 0x0000700000ed2000,0x0000700000fd2000] [id=12291]

Threads with active compile tasks:

VM state:not at safepoint (normal execution)

VM Mutex/Monitor currently owned by a thread: None

Heap address: 0x0000000700000000, size: 4096 MB, Compressed Oops mode: Zero based, Oop shift amount: 3
Narrow klass base: 0x0000000800000000, Narrow klass shift: 0
Compressed class space size: 1073741824 Address: 0x0000000800000000

Heap:
 garbage-first heap   total 262144K, used 6144K [0x0000000700000000, 0x0000000800000000)
  region size 1024K, 7 young (7168K), 0 survivors (0K)
 Metaspace       used 8774K, capacity 8894K, committed 9088K, reserved 1056768K
  class space    used 750K, capacity 799K, committed 896K, reserved 1048576K
Heap Regions: E=young(eden), S=young(survivor), O=old, HS=humongous(starts), HC=humongous(continues), CS=collection set, F=free, A=archive, TAMS=top-at-mark-start (previous, next)
|   0|0x0000000700000000, 0x0000000700000000, 0x0000000700100000|  0%| F|  |TAMS 0x0000000700000000, 0x0000000700000000| Untracked 
|   1|0x0000000700100000, 0x0000000700100000, 0x0000000700200000|  0%| F|  |TAMS 0x0000000700100000, 0x0000000700100000| Untracked 
|   2|0x0000000700200000, 0x0000000700200000, 0x0000000700300000|  0%| F|  |TAMS 0x0000000700200000, 0x0000000700200000| Untracked 
|   3|0x0000000700300000, 0x0000000700300000, 0x0000000700400000|  0%| F|  |TAMS 0x0000000700300000, 0x0000000700300000| Untracked 
|   4|0x0000000700400000, 0x0000000700400000, 0x0000000700500000|  0%| F|  |TAMS 0x0000000700400000, 0x0000000700400000| Untracked 
|   5|0x0000000700500000, 0x0000000700500000, 0x0000000700600000|  0%| F|  |TAMS 0x0000000700500000, 0x0000000700500000| Untracked 
|   6|0x0000000700600000, 0x0000000700600000, 0x0000000700700000|  0%| F|  |TAMS 0x0000000700600000, 0x0000000700600000| Untracked 
|   7|0x0000000700700000, 0x0000000700700000, 0x0000000700800000|  0%| F|  |TAMS 0x0000000700700000, 0x0000000700700000| Untracked 
|   8|0x0000000700800000, 0x0000000700800000, 0x0000000700900000|  0%| F|  |TAMS 0x0000000700800000, 0x0000000700800000| Untracked 
|   9|0x0000000700900000, 0x0000000700900000, 0x0000000700a00000|  0%| F|  |TAMS 0x0000000700900000, 0x0000000700900000| Untracked 
|  10|0x0000000700a00000, 0x0000000700a00000, 0x0000000700b00000|  0%| F|  |TAMS 0x0000000700a00000, 0x0000000700a00000| Untracked 
|  11|0x0000000700b00000, 0x0000000700b00000, 0x0000000700c00000|  0%| F|  |TAMS 0x0000000700b00000, 0x0000000700b00000| Untracked 
|  12|0x0000000700c00000, 0x0000000700c00000, 0x0000000700d00000|  0%| F|  |TAMS 0x0000000700c00000, 0x0000000700c00000| Untracked 
|  13|0x0000000700d00000, 0x0000000700d00000, 0x0000000700e00000|  0%| F|  |TAMS 0x0000000700d00000, 0x0000000700d00000| Untracked 
|  14|0x0000000700e00000, 0x0000000700e00000, 0x0000000700f00000|  0%| F|  |TAMS 0x0000000700e00000, 0x0000000700e00000| Untracked 
|  15|0x0000000700f00000, 0x0000000700f00000, 0x0000000701000000|  0%| F|  |TAMS 0x0000000700f00000, 0x0000000700f00000| Untracked 
|  16|0x0000000701000000, 0x0000000701000000, 0x0000000701100000|  0%| F|  |TAMS 0x0000000701000000, 0x0000000701000000| Untracked 
|  17|0x0000000701100000, 0x0000000701100000, 0x0000000701200000|  0%| F|  |TAMS 0x0000000701100000, 0x0000000701100000| Untracked 
|  18|0x0000000701200000, 0x0000000701200000, 0x0000000701300000|  0%| F|  |TAMS 0x0000000701200000, 0x0000000701200000| Untracked 
|  19|0x0000000701300000, 0x0000000701300000, 0x0000000701400000|  0%| F|  |TAMS 0x0000000701300000, 0x0000000701300000| Untracked 
|  20|0x0000000701400000, 0x0000000701400000, 0x0000000701500000|  0%| F|  |TAMS 0x0000000701400000, 0x0000000701400000| Untracked 
|  21|0x0000000701500000, 0x0000000701500000, 0x0000000701600000|  0%| F|  |TAMS 0x0000000701500000, 0x0000000701500000| Untracked 
|  22|0x0000000701600000, 0x0000000701600000, 0x0000000701700000|  0%| F|  |TAMS 0x0000000701600000, 0x0000000701600000| Untracked 
|  23|0x0000000701700000, 0x0000000701700000, 0x0000000701800000|  0%| F|  |TAMS 0x0000000701700000, 0x0000000701700000| Untracked 
|  24|0x0000000701800000, 0x0000000701800000, 0x0000000701900000|  0%| F|  |TAMS 0x0000000701800000, 0x0000000701800000| Untracked 
|  25|0x0000000701900000, 0x0000000701900000, 0x0000000701a00000|  0%| F|  |TAMS 0x0000000701900000, 0x0000000701900000| Untracked 
|  26|0x0000000701a00000, 0x0000000701a00000, 0x0000000701b00000|  0%| F|  |TAMS 0x0000000701a00000, 0x0000000701a00000| Untracked 
|  27|0x0000000701b00000, 0x0000000701b00000, 0x0000000701c00000|  0%| F|  |TAMS 0x0000000701b00000, 0x0000000701b00000| Untracked 
|  28|0x0000000701c00000, 0x0000000701c00000, 0x0000000701d00000|  0%| F|  |TAMS 0x0000000701c00000, 0x0000000701c00000| Untracked 
|  29|0x0000000701d00000, 0x0000000701d00000, 0x0000000701e00000|  0%| F|  |TAMS 0x0000000701d00000, 0x0000000701d00000| Untracked 
|  30|0x0000000701e00000, 0x0000000701e00000, 0x0000000701f00000|  0%| F|  |TAMS 0x0000000701e00000, 0x0000000701e00000| Untracked 
|  31|0x0000000701f00000, 0x0000000701f00000, 0x0000000702000000|  0%| F|  |TAMS 0x0000000701f00000, 0x0000000701f00000| Untracked 
|  32|0x0000000702000000, 0x0000000702000000, 0x0000000702100000|  0%| F|  |TAMS 0x0000000702000000, 0x0000000702000000| Untracked 
|  33|0x0000000702100000, 0x0000000702100000, 0x0000000702200000|  0%| F|  |TAMS 0x0000000702100000, 0x0000000702100000| Untracked 
|  34|0x0000000702200000, 0x0000000702200000, 0x0000000702300000|  0%| F|  |TAMS 0x0000000702200000, 0x0000000702200000| Untracked 
|  35|0x0000000702300000, 0x0000000702300000, 0x0000000702400000|  0%| F|  |TAMS 0x0000000702300000, 0x0000000702300000| Untracked 
|  36|0x0000000702400000, 0x0000000702400000, 0x0000000702500000|  0%| F|  |TAMS 0x0000000702400000, 0x0000000702400000| Untracked 
|  37|0x0000000702500000, 0x0000000702500000, 0x0000000702600000|  0%| F|  |TAMS 0x0000000702500000, 0x0000000702500000| Untracked 
|  38|0x0000000702600000, 0x0000000702600000, 0x0000000702700000|  0%| F|  |TAMS 0x0000000702600000, 0x0000000702600000| Untracked 
|  39|0x0000000702700000, 0x0000000702700000, 0x0000000702800000|  0%| F|  |TAMS 0x0000000702700000, 0x0000000702700000| Untracked 
|  40|0x0000000702800000, 0x0000000702800000, 0x0000000702900000|  0%| F|  |TAMS 0x0000000702800000, 0x0000000702800000| Untracked 
|  41|0x0000000702900000, 0x0000000702900000, 0x0000000702a00000|  0%| F|  |TAMS 0x0000000702900000, 0x0000000702900000| Untracked 
|  42|0x0000000702a00000, 0x0000000702a00000, 0x0000000702b00000|  0%| F|  |TAMS 0x0000000702a00000, 0x0000000702a00000| Untracked 
|  43|0x0000000702b00000, 0x0000000702b00000, 0x0000000702c00000|  0%| F|  |TAMS 0x0000000702b00000, 0x0000000702b00000| Untracked 
|  44|0x0000000702c00000, 0x0000000702c00000, 0x0000000702d00000|  0%| F|  |TAMS 0x0000000702c00000, 0x0000000702c00000| Untracked 
|  45|0x0000000702d00000, 0x0000000702d00000, 0x0000000702e00000|  0%| F|  |TAMS 0x0000000702d00000, 0x0000000702d00000| Untracked 
|  46|0x0000000702e00000, 0x0000000702e00000, 0x0000000702f00000|  0%| F|  |TAMS 0x0000000702e00000, 0x0000000702e00000| Untracked 
|  47|0x0000000702f00000, 0x0000000702f00000, 0x0000000703000000|  0%| F|  |TAMS 0x0000000702f00000, 0x0000000702f00000| Untracked 
|  48|0x0000000703000000, 0x0000000703000000, 0x0000000703100000|  0%| F|  |TAMS 0x0000000703000000, 0x0000000703000000| Untracked 
|  49|0x0000000703100000, 0x0000000703100000, 0x0000000703200000|  0%| F|  |TAMS 0x0000000703100000, 0x0000000703100000| Untracked 
|  50|0x0000000703200000, 0x0000000703200000, 0x0000000703300000|  0%| F|  |TAMS 0x0000000703200000, 0x0000000703200000| Untracked 
|  51|0x0000000703300000, 0x0000000703300000, 0x0000000703400000|  0%| F|  |TAMS 0x0000000703300000, 0x0000000703300000| Untracked 
|  52|0x0000000703400000, 0x0000000703400000, 0x0000000703500000|  0%| F|  |TAMS 0x0000000703400000, 0x0000000703400000| Untracked 
|  53|0x0000000703500000, 0x0000000703500000, 0x0000000703600000|  0%| F|  |TAMS 0x0000000703500000, 0x0000000703500000| Untracked 
|  54|0x0000000703600000, 0x0000000703600000, 0x0000000703700000|  0%| F|  |TAMS 0x0000000703600000, 0x0000000703600000| Untracked 
|  55|0x0000000703700000, 0x0000000703700000, 0x0000000703800000|  0%| F|  |TAMS 0x0000000703700000, 0x0000000703700000| Untracked 
|  56|0x0000000703800000, 0x0000000703800000, 0x0000000703900000|  0%| F|  |TAMS 0x0000000703800000, 0x0000000703800000| Untracked 
|  57|0x0000000703900000, 0x0000000703900000, 0x0000000703a00000|  0%| F|  |TAMS 0x0000000703900000, 0x0000000703900000| Untracked 
|  58|0x0000000703a00000, 0x0000000703a00000, 0x0000000703b00000|  0%| F|  |TAMS 0x0000000703a00000, 0x0000000703a00000| Untracked 
|  59|0x0000000703b00000, 0x0000000703b00000, 0x0000000703c00000|  0%| F|  |TAMS 0x0000000703b00000, 0x0000000703b00000| Untracked 
|  60|0x0000000703c00000, 0x0000000703c00000, 0x0000000703d00000|  0%| F|  |TAMS 0x0000000703c00000, 0x0000000703c00000| Untracked 
|  61|0x0000000703d00000, 0x0000000703d00000, 0x0000000703e00000|  0%| F|  |TAMS 0x0000000703d00000, 0x0000000703d00000| Untracked 
|  62|0x0000000703e00000, 0x0000000703e00000, 0x0000000703f00000|  0%| F|  |TAMS 0x0000000703e00000, 0x0000000703e00000| Untracked 
|  63|0x0000000703f00000, 0x0000000703f00000, 0x0000000704000000|  0%| F|  |TAMS 0x0000000703f00000, 0x0000000703f00000| Untracked 
|  64|0x0000000704000000, 0x0000000704000000, 0x0000000704100000|  0%| F|  |TAMS 0x0000000704000000, 0x0000000704000000| Untracked 
|  65|0x0000000704100000, 0x0000000704100000, 0x0000000704200000|  0%| F|  |TAMS 0x0000000704100000, 0x0000000704100000| Untracked 
|  66|0x0000000704200000, 0x0000000704200000, 0x0000000704300000|  0%| F|  |TAMS 0x0000000704200000, 0x0000000704200000| Untracked 
|  67|0x0000000704300000, 0x0000000704300000, 0x0000000704400000|  0%| F|  |TAMS 0x0000000704300000, 0x0000000704300000| Untracked 
|  68|0x0000000704400000, 0x0000000704400000, 0x0000000704500000|  0%| F|  |TAMS 0x0000000704400000, 0x0000000704400000| Untracked 
|  69|0x0000000704500000, 0x0000000704500000, 0x0000000704600000|  0%| F|  |TAMS 0x0000000704500000, 0x0000000704500000| Untracked 
|  70|0x0000000704600000, 0x0000000704600000, 0x0000000704700000|  0%| F|  |TAMS 0x0000000704600000, 0x0000000704600000| Untracked 
|  71|0x0000000704700000, 0x0000000704700000, 0x0000000704800000|  0%| F|  |TAMS 0x0000000704700000, 0x0000000704700000| Untracked 
|  72|0x0000000704800000, 0x0000000704800000, 0x0000000704900000|  0%| F|  |TAMS 0x0000000704800000, 0x0000000704800000| Untracked 
|  73|0x0000000704900000, 0x0000000704900000, 0x0000000704a00000|  0%| F|  |TAMS 0x0000000704900000, 0x0000000704900000| Untracked 
|  74|0x0000000704a00000, 0x0000000704a00000, 0x0000000704b00000|  0%| F|  |TAMS 0x0000000704a00000, 0x0000000704a00000| Untracked 
|  75|0x0000000704b00000, 0x0000000704b00000, 0x0000000704c00000|  0%| F|  |TAMS 0x0000000704b00000, 0x0000000704b00000| Untracked 
|  76|0x0000000704c00000, 0x0000000704c00000, 0x0000000704d00000|  0%| F|  |TAMS 0x0000000704c00000, 0x0000000704c00000| Untracked 
|  77|0x0000000704d00000, 0x0000000704d00000, 0x0000000704e00000|  0%| F|  |TAMS 0x0000000704d00000, 0x0000000704d00000| Untracked 
|  78|0x0000000704e00000, 0x0000000704e00000, 0x0000000704f00000|  0%| F|  |TAMS 0x0000000704e00000, 0x0000000704e00000| Untracked 
|  79|0x0000000704f00000, 0x0000000704f00000, 0x0000000705000000|  0%| F|  |TAMS 0x0000000704f00000, 0x0000000704f00000| Untracked 
|  80|0x0000000705000000, 0x0000000705000000, 0x0000000705100000|  0%| F|  |TAMS 0x0000000705000000, 0x0000000705000000| Untracked 
|  81|0x0000000705100000, 0x0000000705100000, 0x0000000705200000|  0%| F|  |TAMS 0x0000000705100000, 0x0000000705100000| Untracked 
|  82|0x0000000705200000, 0x0000000705200000, 0x0000000705300000|  0%| F|  |TAMS 0x0000000705200000, 0x0000000705200000| Untracked 
|  83|0x0000000705300000, 0x0000000705300000, 0x0000000705400000|  0%| F|  |TAMS 0x0000000705300000, 0x0000000705300000| Untracked 
|  84|0x0000000705400000, 0x0000000705400000, 0x0000000705500000|  0%| F|  |TAMS 0x0000000705400000, 0x0000000705400000| Untracked 
|  85|0x0000000705500000, 0x0000000705500000, 0x0000000705600000|  0%| F|  |TAMS 0x0000000705500000, 0x0000000705500000| Untracked 
|  86|0x0000000705600000, 0x0000000705600000, 0x0000000705700000|  0%| F|  |TAMS 0x0000000705600000, 0x0000000705600000| Untracked 
|  87|0x0000000705700000, 0x0000000705700000, 0x0000000705800000|  0%| F|  |TAMS 0x0000000705700000, 0x0000000705700000| Untracked 
|  88|0x0000000705800000, 0x0000000705800000, 0x0000000705900000|  0%| F|  |TAMS 0x0000000705800000, 0x0000000705800000| Untracked 
|  89|0x0000000705900000, 0x0000000705900000, 0x0000000705a00000|  0%| F|  |TAMS 0x0000000705900000, 0x0000000705900000| Untracked 
|  90|0x0000000705a00000, 0x0000000705a00000, 0x0000000705b00000|  0%| F|  |TAMS 0x0000000705a00000, 0x0000000705a00000| Untracked 
|  91|0x0000000705b00000, 0x0000000705b00000, 0x0000000705c00000|  0%| F|  |TAMS 0x0000000705b00000, 0x0000000705b00000| Untracked 
|  92|0x0000000705c00000, 0x0000000705c00000, 0x0000000705d00000|  0%| F|  |TAMS 0x0000000705c00000, 0x0000000705c00000| Untracked 
|  93|0x0000000705d00000, 0x0000000705d00000, 0x0000000705e00000|  0%| F|  |TAMS 0x0000000705d00000, 0x0000000705d00000| Untracked 
|  94|0x0000000705e00000, 0x0000000705e00000, 0x0000000705f00000|  0%| F|  |TAMS 0x0000000705e00000, 0x0000000705e00000| Untracked 
|  95|0x0000000705f00000, 0x0000000705f00000, 0x0000000706000000|  0%| F|  |TAMS 0x0000000705f00000, 0x0000000705f00000| Untracked 
|  96|0x0000000706000000, 0x0000000706000000, 0x0000000706100000|  0%| F|  |TAMS 0x0000000706000000, 0x0000000706000000| Untracked 
|  97|0x0000000706100000, 0x0000000706100000, 0x0000000706200000|  0%| F|  |TAMS 0x0000000706100000, 0x0000000706100000| Untracked 
|  98|0x0000000706200000, 0x0000000706200000, 0x0000000706300000|  0%| F|  |TAMS 0x0000000706200000, 0x0000000706200000| Untracked 
|  99|0x0000000706300000, 0x0000000706300000, 0x0000000706400000|  0%| F|  |TAMS 0x0000000706300000, 0x0000000706300000| Untracked 
| 100|0x0000000706400000, 0x0000000706400000, 0x0000000706500000|  0%| F|  |TAMS 0x0000000706400000, 0x0000000706400000| Untracked 
| 101|0x0000000706500000, 0x0000000706500000, 0x0000000706600000|  0%| F|  |TAMS 0x0000000706500000, 0x0000000706500000| Untracked 
| 102|0x0000000706600000, 0x0000000706600000, 0x0000000706700000|  0%| F|  |TAMS 0x0000000706600000, 0x0000000706600000| Untracked 
| 103|0x0000000706700000, 0x0000000706700000, 0x0000000706800000|  0%| F|  |TAMS 0x0000000706700000, 0x0000000706700000| Untracked 
| 104|0x0000000706800000, 0x0000000706800000, 0x0000000706900000|  0%| F|  |TAMS 0x0000000706800000, 0x0000000706800000| Untracked 
| 105|0x0000000706900000, 0x0000000706900000, 0x0000000706a00000|  0%| F|  |TAMS 0x0000000706900000, 0x0000000706900000| Untracked 
| 106|0x0000000706a00000, 0x0000000706a00000, 0x0000000706b00000|  0%| F|  |TAMS 0x0000000706a00000, 0x0000000706a00000| Untracked 
| 107|0x0000000706b00000, 0x0000000706b00000, 0x0000000706c00000|  0%| F|  |TAMS 0x0000000706b00000, 0x0000000706b00000| Untracked 
| 108|0x0000000706c00000, 0x0000000706c00000, 0x0000000706d00000|  0%| F|  |TAMS 0x0000000706c00000, 0x0000000706c00000| Untracked 
| 109|0x0000000706d00000, 0x0000000706d00000, 0x0000000706e00000|  0%| F|  |TAMS 0x0000000706d00000, 0x0000000706d00000| Untracked 
| 110|0x0000000706e00000, 0x0000000706e00000, 0x0000000706f00000|  0%| F|  |TAMS 0x0000000706e00000, 0x0000000706e00000| Untracked 
| 111|0x0000000706f00000, 0x0000000706f00000, 0x0000000707000000|  0%| F|  |TAMS 0x0000000706f00000, 0x0000000706f00000| Untracked 
| 112|0x0000000707000000, 0x0000000707000000, 0x0000000707100000|  0%| F|  |TAMS 0x0000000707000000, 0x0000000707000000| Untracked 
| 113|0x0000000707100000, 0x0000000707100000, 0x0000000707200000|  0%| F|  |TAMS 0x0000000707100000, 0x0000000707100000| Untracked 
| 114|0x0000000707200000, 0x0000000707200000, 0x0000000707300000|  0%| F|  |TAMS 0x0000000707200000, 0x0000000707200000| Untracked 
| 115|0x0000000707300000, 0x0000000707300000, 0x0000000707400000|  0%| F|  |TAMS 0x0000000707300000, 0x0000000707300000| Untracked 
| 116|0x0000000707400000, 0x0000000707400000, 0x0000000707500000|  0%| F|  |TAMS 0x0000000707400000, 0x0000000707400000| Untracked 
| 117|0x0000000707500000, 0x0000000707500000, 0x0000000707600000|  0%| F|  |TAMS 0x0000000707500000, 0x0000000707500000| Untracked 
| 118|0x0000000707600000, 0x0000000707600000, 0x0000000707700000|  0%| F|  |TAMS 0x0000000707600000, 0x0000000707600000| Untracked 
| 119|0x0000000707700000, 0x0000000707700000, 0x0000000707800000|  0%| F|  |TAMS 0x0000000707700000, 0x0000000707700000| Untracked 
| 120|0x0000000707800000, 0x0000000707800000, 0x0000000707900000|  0%| F|  |TAMS 0x0000000707800000, 0x0000000707800000| Untracked 
| 121|0x0000000707900000, 0x0000000707900000, 0x0000000707a00000|  0%| F|  |TAMS 0x0000000707900000, 0x0000000707900000| Untracked 
| 122|0x0000000707a00000, 0x0000000707a00000, 0x0000000707b00000|  0%| F|  |TAMS 0x0000000707a00000, 0x0000000707a00000| Untracked 
| 123|0x0000000707b00000, 0x0000000707b00000, 0x0000000707c00000|  0%| F|  |TAMS 0x0000000707b00000, 0x0000000707b00000| Untracked 
| 124|0x0000000707c00000, 0x0000000707c00000, 0x0000000707d00000|  0%| F|  |TAMS 0x0000000707c00000, 0x0000000707c00000| Untracked 
| 125|0x0000000707d00000, 0x0000000707d00000, 0x0000000707e00000|  0%| F|  |TAMS 0x0000000707d00000, 0x0000000707d00000| Untracked 
| 126|0x0000000707e00000, 0x0000000707e00000, 0x0000000707f00000|  0%| F|  |TAMS 0x0000000707e00000, 0x0000000707e00000| Untracked 
| 127|0x0000000707f00000, 0x0000000707f00000, 0x0000000708000000|  0%| F|  |TAMS 0x0000000707f00000, 0x0000000707f00000| Untracked 
| 128|0x0000000708000000, 0x0000000708000000, 0x0000000708100000|  0%| F|  |TAMS 0x0000000708000000, 0x0000000708000000| Untracked 
| 129|0x0000000708100000, 0x0000000708100000, 0x0000000708200000|  0%| F|  |TAMS 0x0000000708100000, 0x0000000708100000| Untracked 
| 130|0x0000000708200000, 0x0000000708200000, 0x0000000708300000|  0%| F|  |TAMS 0x0000000708200000, 0x0000000708200000| Untracked 
| 131|0x0000000708300000, 0x0000000708300000, 0x0000000708400000|  0%| F|  |TAMS 0x0000000708300000, 0x0000000708300000| Untracked 
| 132|0x0000000708400000, 0x0000000708400000, 0x0000000708500000|  0%| F|  |TAMS 0x0000000708400000, 0x0000000708400000| Untracked 
| 133|0x0000000708500000, 0x0000000708500000, 0x0000000708600000|  0%| F|  |TAMS 0x0000000708500000, 0x0000000708500000| Untracked 
| 134|0x0000000708600000, 0x0000000708600000, 0x0000000708700000|  0%| F|  |TAMS 0x0000000708600000, 0x0000000708600000| Untracked 
| 135|0x0000000708700000, 0x0000000708700000, 0x0000000708800000|  0%| F|  |TAMS 0x0000000708700000, 0x0000000708700000| Untracked 
| 136|0x0000000708800000, 0x0000000708800000, 0x0000000708900000|  0%| F|  |TAMS 0x0000000708800000, 0x0000000708800000| Untracked 
| 137|0x0000000708900000, 0x0000000708900000, 0x0000000708a00000|  0%| F|  |TAMS 0x0000000708900000, 0x0000000708900000| Untracked 
| 138|0x0000000708a00000, 0x0000000708a00000, 0x0000000708b00000|  0%| F|  |TAMS 0x0000000708a00000, 0x0000000708a00000| Untracked 
| 139|0x0000000708b00000, 0x0000000708b00000, 0x0000000708c00000|  0%| F|  |TAMS 0x0000000708b00000, 0x0000000708b00000| Untracked 
| 140|0x0000000708c00000, 0x0000000708c00000, 0x0000000708d00000|  0%| F|  |TAMS 0x0000000708c00000, 0x0000000708c00000| Untracked 
| 141|0x0000000708d00000, 0x0000000708d00000, 0x0000000708e00000|  0%| F|  |TAMS 0x0000000708d00000, 0x0000000708d00000| Untracked 
| 142|0x0000000708e00000, 0x0000000708e00000, 0x0000000708f00000|  0%| F|  |TAMS 0x0000000708e00000, 0x0000000708e00000| Untracked 
| 143|0x0000000708f00000, 0x0000000708f00000, 0x0000000709000000|  0%| F|  |TAMS 0x0000000708f00000, 0x0000000708f00000| Untracked 
| 144|0x0000000709000000, 0x0000000709000000, 0x0000000709100000|  0%| F|  |TAMS 0x0000000709000000, 0x0000000709000000| Untracked 
| 145|0x0000000709100000, 0x0000000709100000, 0x0000000709200000|  0%| F|  |TAMS 0x0000000709100000, 0x0000000709100000| Untracked 
| 146|0x0000000709200000, 0x0000000709200000, 0x0000000709300000|  0%| F|  |TAMS 0x0000000709200000, 0x0000000709200000| Untracked 
| 147|0x0000000709300000, 0x0000000709300000, 0x0000000709400000|  0%| F|  |TAMS 0x0000000709300000, 0x0000000709300000| Untracked 
| 148|0x0000000709400000, 0x0000000709400000, 0x0000000709500000|  0%| F|  |TAMS 0x0000000709400000, 0x0000000709400000| Untracked 
| 149|0x0000000709500000, 0x0000000709500000, 0x0000000709600000|  0%| F|  |TAMS 0x0000000709500000, 0x0000000709500000| Untracked 
| 150|0x0000000709600000, 0x0000000709600000, 0x0000000709700000|  0%| F|  |TAMS 0x0000000709600000, 0x0000000709600000| Untracked 
| 151|0x0000000709700000, 0x0000000709700000, 0x0000000709800000|  0%| F|  |TAMS 0x0000000709700000, 0x0000000709700000| Untracked 
| 152|0x0000000709800000, 0x0000000709800000, 0x0000000709900000|  0%| F|  |TAMS 0x0000000709800000, 0x0000000709800000| Untracked 
| 153|0x0000000709900000, 0x0000000709900000, 0x0000000709a00000|  0%| F|  |TAMS 0x0000000709900000, 0x0000000709900000| Untracked 
| 154|0x0000000709a00000, 0x0000000709a00000, 0x0000000709b00000|  0%| F|  |TAMS 0x0000000709a00000, 0x0000000709a00000| Untracked 
| 155|0x0000000709b00000, 0x0000000709b00000, 0x0000000709c00000|  0%| F|  |TAMS 0x0000000709b00000, 0x0000000709b00000| Untracked 
| 156|0x0000000709c00000, 0x0000000709c00000, 0x0000000709d00000|  0%| F|  |TAMS 0x0000000709c00000, 0x0000000709c00000| Untracked 
| 157|0x0000000709d00000, 0x0000000709d00000, 0x0000000709e00000|  0%| F|  |TAMS 0x0000000709d00000, 0x0000000709d00000| Untracked 
| 158|0x0000000709e00000, 0x0000000709e00000, 0x0000000709f00000|  0%| F|  |TAMS 0x0000000709e00000, 0x0000000709e00000| Untracked 
| 159|0x0000000709f00000, 0x0000000709f00000, 0x000000070a000000|  0%| F|  |TAMS 0x0000000709f00000, 0x0000000709f00000| Untracked 
| 160|0x000000070a000000, 0x000000070a000000, 0x000000070a100000|  0%| F|  |TAMS 0x000000070a000000, 0x000000070a000000| Untracked 
| 161|0x000000070a100000, 0x000000070a100000, 0x000000070a200000|  0%| F|  |TAMS 0x000000070a100000, 0x000000070a100000| Untracked 
| 162|0x000000070a200000, 0x000000070a200000, 0x000000070a300000|  0%| F|  |TAMS 0x000000070a200000, 0x000000070a200000| Untracked 
| 163|0x000000070a300000, 0x000000070a300000, 0x000000070a400000|  0%| F|  |TAMS 0x000000070a300000, 0x000000070a300000| Untracked 
| 164|0x000000070a400000, 0x000000070a400000, 0x000000070a500000|  0%| F|  |TAMS 0x000000070a400000, 0x000000070a400000| Untracked 
| 165|0x000000070a500000, 0x000000070a500000, 0x000000070a600000|  0%| F|  |TAMS 0x000000070a500000, 0x000000070a500000| Untracked 
| 166|0x000000070a600000, 0x000000070a600000, 0x000000070a700000|  0%| F|  |TAMS 0x000000070a600000, 0x000000070a600000| Untracked 
| 167|0x000000070a700000, 0x000000070a700000, 0x000000070a800000|  0%| F|  |TAMS 0x000000070a700000, 0x000000070a700000| Untracked 
| 168|0x000000070a800000, 0x000000070a800000, 0x000000070a900000|  0%| F|  |TAMS 0x000000070a800000, 0x000000070a800000| Untracked 
| 169|0x000000070a900000, 0x000000070a900000, 0x000000070aa00000|  0%| F|  |TAMS 0x000000070a900000, 0x000000070a900000| Untracked 
| 170|0x000000070aa00000, 0x000000070aa00000, 0x000000070ab00000|  0%| F|  |TAMS 0x000000070aa00000, 0x000000070aa00000| Untracked 
| 171|0x000000070ab00000, 0x000000070ab00000, 0x000000070ac00000|  0%| F|  |TAMS 0x000000070ab00000, 0x000000070ab00000| Untracked 
| 172|0x000000070ac00000, 0x000000070ac00000, 0x000000070ad00000|  0%| F|  |TAMS 0x000000070ac00000, 0x000000070ac00000| Untracked 
| 173|0x000000070ad00000, 0x000000070ad00000, 0x000000070ae00000|  0%| F|  |TAMS 0x000000070ad00000, 0x000000070ad00000| Untracked 
| 174|0x000000070ae00000, 0x000000070ae00000, 0x000000070af00000|  0%| F|  |TAMS 0x000000070ae00000, 0x000000070ae00000| Untracked 
| 175|0x000000070af00000, 0x000000070af00000, 0x000000070b000000|  0%| F|  |TAMS 0x000000070af00000, 0x000000070af00000| Untracked 
| 176|0x000000070b000000, 0x000000070b000000, 0x000000070b100000|  0%| F|  |TAMS 0x000000070b000000, 0x000000070b000000| Untracked 
| 177|0x000000070b100000, 0x000000070b100000, 0x000000070b200000|  0%| F|  |TAMS 0x000000070b100000, 0x000000070b100000| Untracked 
| 178|0x000000070b200000, 0x000000070b200000, 0x000000070b300000|  0%| F|  |TAMS 0x000000070b200000, 0x000000070b200000| Untracked 
| 179|0x000000070b300000, 0x000000070b300000, 0x000000070b400000|  0%| F|  |TAMS 0x000000070b300000, 0x000000070b300000| Untracked 
| 180|0x000000070b400000, 0x000000070b400000, 0x000000070b500000|  0%| F|  |TAMS 0x000000070b400000, 0x000000070b400000| Untracked 
| 181|0x000000070b500000, 0x000000070b500000, 0x000000070b600000|  0%| F|  |TAMS 0x000000070b500000, 0x000000070b500000| Untracked 
| 182|0x000000070b600000, 0x000000070b600000, 0x000000070b700000|  0%| F|  |TAMS 0x000000070b600000, 0x000000070b600000| Untracked 
| 183|0x000000070b700000, 0x000000070b700000, 0x000000070b800000|  0%| F|  |TAMS 0x000000070b700000, 0x000000070b700000| Untracked 
| 184|0x000000070b800000, 0x000000070b800000, 0x000000070b900000|  0%| F|  |TAMS 0x000000070b800000, 0x000000070b800000| Untracked 
| 185|0x000000070b900000, 0x000000070b900000, 0x000000070ba00000|  0%| F|  |TAMS 0x000000070b900000, 0x000000070b900000| Untracked 
| 186|0x000000070ba00000, 0x000000070ba00000, 0x000000070bb00000|  0%| F|  |TAMS 0x000000070ba00000, 0x000000070ba00000| Untracked 
| 187|0x000000070bb00000, 0x000000070bb00000, 0x000000070bc00000|  0%| F|  |TAMS 0x000000070bb00000, 0x000000070bb00000| Untracked 
| 188|0x000000070bc00000, 0x000000070bc00000, 0x000000070bd00000|  0%| F|  |TAMS 0x000000070bc00000, 0x000000070bc00000| Untracked 
| 189|0x000000070bd00000, 0x000000070bd00000, 0x000000070be00000|  0%| F|  |TAMS 0x000000070bd00000, 0x000000070bd00000| Untracked 
| 190|0x000000070be00000, 0x000000070be00000, 0x000000070bf00000|  0%| F|  |TAMS 0x000000070be00000, 0x000000070be00000| Untracked 
| 191|0x000000070bf00000, 0x000000070bf00000, 0x000000070c000000|  0%| F|  |TAMS 0x000000070bf00000, 0x000000070bf00000| Untracked 
| 192|0x000000070c000000, 0x000000070c000000, 0x000000070c100000|  0%| F|  |TAMS 0x000000070c000000, 0x000000070c000000| Untracked 
| 193|0x000000070c100000, 0x000000070c100000, 0x000000070c200000|  0%| F|  |TAMS 0x000000070c100000, 0x000000070c100000| Untracked 
| 194|0x000000070c200000, 0x000000070c200000, 0x000000070c300000|  0%| F|  |TAMS 0x000000070c200000, 0x000000070c200000| Untracked 
| 195|0x000000070c300000, 0x000000070c300000, 0x000000070c400000|  0%| F|  |TAMS 0x000000070c300000, 0x000000070c300000| Untracked 
| 196|0x000000070c400000, 0x000000070c400000, 0x000000070c500000|  0%| F|  |TAMS 0x000000070c400000, 0x000000070c400000| Untracked 
| 197|0x000000070c500000, 0x000000070c500000, 0x000000070c600000|  0%| F|  |TAMS 0x000000070c500000, 0x000000070c500000| Untracked 
| 198|0x000000070c600000, 0x000000070c600000, 0x000000070c700000|  0%| F|  |TAMS 0x000000070c600000, 0x000000070c600000| Untracked 
| 199|0x000000070c700000, 0x000000070c700000, 0x000000070c800000|  0%| F|  |TAMS 0x000000070c700000, 0x000000070c700000| Untracked 
| 200|0x000000070c800000, 0x000000070c800000, 0x000000070c900000|  0%| F|  |TAMS 0x000000070c800000, 0x000000070c800000| Untracked 
| 201|0x000000070c900000, 0x000000070c900000, 0x000000070ca00000|  0%| F|  |TAMS 0x000000070c900000, 0x000000070c900000| Untracked 
| 202|0x000000070ca00000, 0x000000070ca00000, 0x000000070cb00000|  0%| F|  |TAMS 0x000000070ca00000, 0x000000070ca00000| Untracked 
| 203|0x000000070cb00000, 0x000000070cb00000, 0x000000070cc00000|  0%| F|  |TAMS 0x000000070cb00000, 0x000000070cb00000| Untracked 
| 204|0x000000070cc00000, 0x000000070cc00000, 0x000000070cd00000|  0%| F|  |TAMS 0x000000070cc00000, 0x000000070cc00000| Untracked 
| 205|0x000000070cd00000, 0x000000070cd00000, 0x000000070ce00000|  0%| F|  |TAMS 0x000000070cd00000, 0x000000070cd00000| Untracked 
| 206|0x000000070ce00000, 0x000000070ce00000, 0x000000070cf00000|  0%| F|  |TAMS 0x000000070ce00000, 0x000000070ce00000| Untracked 
| 207|0x000000070cf00000, 0x000000070cf00000, 0x000000070d000000|  0%| F|  |TAMS 0x000000070cf00000, 0x000000070cf00000| Untracked 
| 208|0x000000070d000000, 0x000000070d000000, 0x000000070d100000|  0%| F|  |TAMS 0x000000070d000000, 0x000000070d000000| Untracked 
| 209|0x000000070d100000, 0x000000070d100000, 0x000000070d200000|  0%| F|  |TAMS 0x000000070d100000, 0x000000070d100000| Untracked 
| 210|0x000000070d200000, 0x000000070d200000, 0x000000070d300000|  0%| F|  |TAMS 0x000000070d200000, 0x000000070d200000| Untracked 
| 211|0x000000070d300000, 0x000000070d300000, 0x000000070d400000|  0%| F|  |TAMS 0x000000070d300000, 0x000000070d300000| Untracked 
| 212|0x000000070d400000, 0x000000070d400000, 0x000000070d500000|  0%| F|  |TAMS 0x000000070d400000, 0x000000070d400000| Untracked 
| 213|0x000000070d500000, 0x000000070d500000, 0x000000070d600000|  0%| F|  |TAMS 0x000000070d500000, 0x000000070d500000| Untracked 
| 214|0x000000070d600000, 0x000000070d600000, 0x000000070d700000|  0%| F|  |TAMS 0x000000070d600000, 0x000000070d600000| Untracked 
| 215|0x000000070d700000, 0x000000070d700000, 0x000000070d800000|  0%| F|  |TAMS 0x000000070d700000, 0x000000070d700000| Untracked 
| 216|0x000000070d800000, 0x000000070d800000, 0x000000070d900000|  0%| F|  |TAMS 0x000000070d800000, 0x000000070d800000| Untracked 
| 217|0x000000070d900000, 0x000000070d900000, 0x000000070da00000|  0%| F|  |TAMS 0x000000070d900000, 0x000000070d900000| Untracked 
| 218|0x000000070da00000, 0x000000070da00000, 0x000000070db00000|  0%| F|  |TAMS 0x000000070da00000, 0x000000070da00000| Untracked 
| 219|0x000000070db00000, 0x000000070db00000, 0x000000070dc00000|  0%| F|  |TAMS 0x000000070db00000, 0x000000070db00000| Untracked 
| 220|0x000000070dc00000, 0x000000070dc00000, 0x000000070dd00000|  0%| F|  |TAMS 0x000000070dc00000, 0x000000070dc00000| Untracked 
| 221|0x000000070dd00000, 0x000000070dd00000, 0x000000070de00000|  0%| F|  |TAMS 0x000000070dd00000, 0x000000070dd00000| Untracked 
| 222|0x000000070de00000, 0x000000070de00000, 0x000000070df00000|  0%| F|  |TAMS 0x000000070de00000, 0x000000070de00000| Untracked 
| 223|0x000000070df00000, 0x000000070df00000, 0x000000070e000000|  0%| F|  |TAMS 0x000000070df00000, 0x000000070df00000| Untracked 
| 224|0x000000070e000000, 0x000000070e000000, 0x000000070e100000|  0%| F|  |TAMS 0x000000070e000000, 0x000000070e000000| Untracked 
| 225|0x000000070e100000, 0x000000070e100000, 0x000000070e200000|  0%| F|  |TAMS 0x000000070e100000, 0x000000070e100000| Untracked 
| 226|0x000000070e200000, 0x000000070e200000, 0x000000070e300000|  0%| F|  |TAMS 0x000000070e200000, 0x000000070e200000| Untracked 
| 227|0x000000070e300000, 0x000000070e300000, 0x000000070e400000|  0%| F|  |TAMS 0x000000070e300000, 0x000000070e300000| Untracked 
| 228|0x000000070e400000, 0x000000070e400000, 0x000000070e500000|  0%| F|  |TAMS 0x000000070e400000, 0x000000070e400000| Untracked 
| 229|0x000000070e500000, 0x000000070e500000, 0x000000070e600000|  0%| F|  |TAMS 0x000000070e500000, 0x000000070e500000| Untracked 
| 230|0x000000070e600000, 0x000000070e600000, 0x000000070e700000|  0%| F|  |TAMS 0x000000070e600000, 0x000000070e600000| Untracked 
| 231|0x000000070e700000, 0x000000070e700000, 0x000000070e800000|  0%| F|  |TAMS 0x000000070e700000, 0x000000070e700000| Untracked 
| 232|0x000000070e800000, 0x000000070e800000, 0x000000070e900000|  0%| F|  |TAMS 0x000000070e800000, 0x000000070e800000| Untracked 
| 233|0x000000070e900000, 0x000000070e900000, 0x000000070ea00000|  0%| F|  |TAMS 0x000000070e900000, 0x000000070e900000| Untracked 
| 234|0x000000070ea00000, 0x000000070ea00000, 0x000000070eb00000|  0%| F|  |TAMS 0x000000070ea00000, 0x000000070ea00000| Untracked 
| 235|0x000000070eb00000, 0x000000070eb00000, 0x000000070ec00000|  0%| F|  |TAMS 0x000000070eb00000, 0x000000070eb00000| Untracked 
| 236|0x000000070ec00000, 0x000000070ec00000, 0x000000070ed00000|  0%| F|  |TAMS 0x000000070ec00000, 0x000000070ec00000| Untracked 
| 237|0x000000070ed00000, 0x000000070ed00000, 0x000000070ee00000|  0%| F|  |TAMS 0x000000070ed00000, 0x000000070ed00000| Untracked 
| 238|0x000000070ee00000, 0x000000070ee00000, 0x000000070ef00000|  0%| F|  |TAMS 0x000000070ee00000, 0x000000070ee00000| Untracked 
| 239|0x000000070ef00000, 0x000000070ef00000, 0x000000070f000000|  0%| F|  |TAMS 0x000000070ef00000, 0x000000070ef00000| Untracked 
| 240|0x000000070f000000, 0x000000070f000000, 0x000000070f100000|  0%| F|  |TAMS 0x000000070f000000, 0x000000070f000000| Untracked 
| 241|0x000000070f100000, 0x000000070f100000, 0x000000070f200000|  0%| F|  |TAMS 0x000000070f100000, 0x000000070f100000| Untracked 
| 242|0x000000070f200000, 0x000000070f200000, 0x000000070f300000|  0%| F|  |TAMS 0x000000070f200000, 0x000000070f200000| Untracked 
| 243|0x000000070f300000, 0x000000070f300000, 0x000000070f400000|  0%| F|  |TAMS 0x000000070f300000, 0x000000070f300000| Untracked 
| 244|0x000000070f400000, 0x000000070f400000, 0x000000070f500000|  0%| F|  |TAMS 0x000000070f400000, 0x000000070f400000| Untracked 
| 245|0x000000070f500000, 0x000000070f500000, 0x000000070f600000|  0%| F|  |TAMS 0x000000070f500000, 0x000000070f500000| Untracked 
| 246|0x000000070f600000, 0x000000070f600000, 0x000000070f700000|  0%| F|  |TAMS 0x000000070f600000, 0x000000070f600000| Untracked 
| 247|0x000000070f700000, 0x000000070f700000, 0x000000070f800000|  0%| F|  |TAMS 0x000000070f700000, 0x000000070f700000| Untracked 
| 248|0x000000070f800000, 0x000000070f800000, 0x000000070f900000|  0%| F|  |TAMS 0x000000070f800000, 0x000000070f800000| Untracked 
| 249|0x000000070f900000, 0x000000070f97d630, 0x000000070fa00000| 48%| E|  |TAMS 0x000000070f900000, 0x000000070f900000| Complete 
| 250|0x000000070fa00000, 0x000000070fb00000, 0x000000070fb00000|100%| E|CS|TAMS 0x000000070fa00000, 0x000000070fa00000| Complete 
| 251|0x000000070fb00000, 0x000000070fc00000, 0x000000070fc00000|100%| E|CS|TAMS 0x000000070fb00000, 0x000000070fb00000| Complete 
| 252|0x000000070fc00000, 0x000000070fd00000, 0x000000070fd00000|100%| E|CS|TAMS 0x000000070fc00000, 0x000000070fc00000| Complete 
| 253|0x000000070fd00000, 0x000000070fe00000, 0x000000070fe00000|100%| E|CS|TAMS 0x000000070fd00000, 0x000000070fd00000| Complete 
| 254|0x000000070fe00000, 0x000000070ff00000, 0x000000070ff00000|100%| E|CS|TAMS 0x000000070fe00000, 0x000000070fe00000| Complete 
| 255|0x000000070ff00000, 0x0000000710000000, 0x0000000710000000|100%| E|CS|TAMS 0x000000070ff00000, 0x000000070ff00000| Complete 

Card table byte_map: [0x00000001103b4000,0x0000000110bb4000] _byte_map_base: 0x000000010cbb4000

Marking Bits (Prev, Next): (CMBitMap*) 0x00007fd543828818, (CMBitMap*) 0x00007fd543828850
 Prev Bits: [0x00000001113b4000, 0x00000001153b4000)
 Next Bits: [0x000000012ee27000, 0x0000000132e27000)

Polling page: 0x000000010dbe2000

Metaspace:

Usage:
  Non-class:      7.91 MB capacity,     7.84 MB (>99%) used,    62.22 KB ( <1%) free+waste,     8.88 KB ( <1%) overhead. 
      Class:    799.00 KB capacity,   750.91 KB ( 94%) used,    43.90 KB (  5%) free+waste,     4.19 KB ( <1%) overhead. 
       Both:      8.69 MB capacity,     8.57 MB ( 99%) used,   106.12 KB (  1%) free+waste,    13.06 KB ( <1%) overhead. 

Virtual space:
  Non-class space:        8.00 MB reserved,       8.00 MB (100%) committed 
      Class space:        1.00 GB reserved,     896.00 KB ( <1%) committed 
             Both:        1.01 GB reserved,       8.88 MB ( <1%) committed 

Chunk freelists:
   Non-Class:  640 bytes
       Class:  128 bytes
        Both:  768 bytes

CodeHeap 'non-profiled nmethods': size=120032Kb used=129Kb max_used=129Kb free=119902Kb
 bounds [0x00000001278ef000, 0x0000000127b5f000, 0x000000012ee27000]
CodeHeap 'profiled nmethods': size=120028Kb used=688Kb max_used=688Kb free=119339Kb
 bounds [0x00000001203b8000, 0x0000000120628000, 0x00000001278ef000]
CodeHeap 'non-nmethods': size=5700Kb used=1369Kb max_used=1369Kb free=4330Kb
 bounds [0x000000011fe27000, 0x0000000120097000, 0x00000001203b8000]
 total_blobs=1412 nmethods=466 adapters=754
 compilation: enabled
              stopped_count=0, restarted_count=0
 full_count=0

Compilation events (10 events):
Event: 0.689 Thread 0x00007fd544819800  460       3       java.lang.Class::getPackageName (81 bytes)
Event: 0.689 Thread 0x00007fd544819800 nmethod 460 0x0000000120461590 code [0x0000000120461820, 0x0000000120462188]
Event: 0.693 Thread 0x00007fd544819800  461       3       java.lang.StringLatin1::regionMatchesCI (92 bytes)
Event: 0.694 Thread 0x00007fd544819800 nmethod 461 0x0000000120462510 code [0x00000001204627c0, 0x0000000120463338]
Event: 0.694 Thread 0x00007fd544819800  462       3       java.util.zip.Inflater::ensureOpen (47 bytes)
Event: 0.694 Thread 0x00007fd544819800 nmethod 462 0x0000000120463810 code [0x00000001204639e0, 0x0000000120463c88]
Event: 0.694 Thread 0x00007fd544819800  463       3       java.util.ArrayDeque::inc (12 bytes)
Event: 0.694 Thread 0x00007fd544819800 nmethod 463 0x0000000120463d90 code [0x0000000120463f40, 0x00000001204640b0]
Event: 0.694 Thread 0x00007fd544819800  464       1       org.lwjgl.system.Pointer$Default::address (5 bytes)
Event: 0.694 Thread 0x00007fd544819800 nmethod 464 0x000000012790eb10 code [0x000000012790ecc0, 0x000000012790edd0]

GC Heap History (0 events):
No events

Deoptimization events (1 events):
Event: 0.165 Thread 0x00007fd546009000 Uncommon trap: reason=unstable_if action=reinterpret pc=0x00000001278fc6d4 method=java.util.HashMap.putVal(ILjava/lang/Object;Ljava/lang/Object;ZZ)Ljava/lang/Object; @ 181 c2

Classes redefined (0 events):
No events

Internal exceptions (10 events):
Event: 0.225 Thread 0x00007fd546009000 Exception <a 'java/lang/NoSuchMethodError'{0x000000070fb9bfa0}: java.lang.invoke.DirectMethodHandle$Holder.invokeStaticInit(Ljava/lang/Object;Ljava/lang/Object;Ljava/lang/Object;)Ljava/lang/Object;> (0x000000070fb9bfa0) thrown at [/scratch/mesos/slaves/d6
Event: 0.249 Thread 0x00007fd546009000 Exception <a 'sun/nio/fs/UnixException'{0x000000070fbfe140}> (0x000000070fbfe140) thrown at [/scratch/mesos/slaves/d65fa3d4-10de-46aa-a2db-52cc9981537a-S382/frameworks/1735e8a2-a1db-478c-8104-60c8b0af87dd-0196/executors/e9a9c702-ca07-4cb0-bf68-f4da1564ad7
Event: 0.250 Thread 0x00007fd546009000 Exception <a 'sun/nio/fs/UnixException'{0x000000070fbfe8c0}> (0x000000070fbfe8c0) thrown at [/scratch/mesos/slaves/d65fa3d4-10de-46aa-a2db-52cc9981537a-S382/frameworks/1735e8a2-a1db-478c-8104-60c8b0af87dd-0196/executors/e9a9c702-ca07-4cb0-bf68-f4da1564ad7
Event: 0.256 Thread 0x00007fd546009000 Exception <a 'sun/nio/fs/UnixException'{0x000000070fa07588}> (0x000000070fa07588) thrown at [/scratch/mesos/slaves/d65fa3d4-10de-46aa-a2db-52cc9981537a-S382/frameworks/1735e8a2-a1db-478c-8104-60c8b0af87dd-0196/executors/e9a9c702-ca07-4cb0-bf68-f4da1564ad7
Event: 0.256 Thread 0x00007fd546009000 Exception <a 'sun/nio/fs/UnixException'{0x000000070fa0ef18}> (0x000000070fa0ef18) thrown at [/scratch/mesos/slaves/d65fa3d4-10de-46aa-a2db-52cc9981537a-S382/frameworks/1735e8a2-a1db-478c-8104-60c8b0af87dd-0196/executors/e9a9c702-ca07-4cb0-bf68-f4da1564ad7
Event: 0.260 Thread 0x00007fd546009000 Exception <a 'sun/nio/fs/UnixException'{0x000000070fa13de8}> (0x000000070fa13de8) thrown at [/scratch/mesos/slaves/d65fa3d4-10de-46aa-a2db-52cc9981537a-S382/frameworks/1735e8a2-a1db-478c-8104-60c8b0af87dd-0196/executors/e9a9c702-ca07-4cb0-bf68-f4da1564ad7
Event: 0.264 Thread 0x00007fd546009000 Exception <a 'sun/nio/fs/UnixException'{0x000000070fa289e8}> (0x000000070fa289e8) thrown at [/scratch/mesos/slaves/d65fa3d4-10de-46aa-a2db-52cc9981537a-S382/frameworks/1735e8a2-a1db-478c-8104-60c8b0af87dd-0196/executors/e9a9c702-ca07-4cb0-bf68-f4da1564ad7
Event: 0.264 Thread 0x00007fd546009000 Exception <a 'sun/nio/fs/UnixException'{0x000000070fa30098}> (0x000000070fa30098) thrown at [/scratch/mesos/slaves/d65fa3d4-10de-46aa-a2db-52cc9981537a-S382/frameworks/1735e8a2-a1db-478c-8104-60c8b0af87dd-0196/executors/e9a9c702-ca07-4cb0-bf68-f4da1564ad7
Event: 0.268 Thread 0x00007fd546009000 Exception <a 'sun/nio/fs/UnixException'{0x000000070fa32f80}> (0x000000070fa32f80) thrown at [/scratch/mesos/slaves/d65fa3d4-10de-46aa-a2db-52cc9981537a-S382/frameworks/1735e8a2-a1db-478c-8104-60c8b0af87dd-0196/executors/e9a9c702-ca07-4cb0-bf68-f4da1564ad7
Event: 0.687 Thread 0x00007fd546009000 Exception <a 'sun/nio/fs/UnixException'{0x000000070f95d348}> (0x000000070f95d348) thrown at [/scratch/mesos/slaves/d65fa3d4-10de-46aa-a2db-52cc9981537a-S382/frameworks/1735e8a2-a1db-478c-8104-60c8b0af87dd-0196/executors/e9a9c702-ca07-4cb0-bf68-f4da1564ad7

Events (10 events):
Event: 0.684 loading class org/lwjgl/glfw/EventLoop
Event: 0.684 loading class org/lwjgl/glfw/EventLoop done
Event: 0.684 loading class org/lwjgl/system/macosx/ObjCRuntime
Event: 0.684 loading class org/lwjgl/system/macosx/ObjCRuntime done
Event: 0.688 loading class org/lwjgl/system/dyncall/DynLoad
Event: 0.688 loading class org/lwjgl/system/dyncall/DynLoad done
Event: 0.693 loading class org/lwjgl/system/macosx/ObjCRuntime$Functions
Event: 0.693 loading class org/lwjgl/system/macosx/ObjCRuntime$Functions done
Event: 0.696 loading class org/lwjgl/system/macosx/CoreFoundation
Event: 0.696 loading class org/lwjgl/system/macosx/CoreFoundation done


Dynamic libraries:
0x00007fff2c9c1000 	/System/Library/Frameworks/Cocoa.framework/Versions/A/Cocoa
0x00007fff3a1a9000 	/System/Library/Frameworks/Security.framework/Versions/A/Security
0x00007fff2b93b000 	/System/Library/Frameworks/ApplicationServices.framework/Versions/A/ApplicationServices
0x00007fff66c5a000 	/usr/lib/libz.1.dylib
0x00007fff6471e000 	/usr/lib/libSystem.B.dylib
0x00007fff2d861000 	/System/Library/Frameworks/CoreFoundation.framework/Versions/A/CoreFoundation
0x00007fff2ff1b000 	/System/Library/Frameworks/Foundation.framework/Versions/C/Foundation
0x00007fff6657e000 	/usr/lib/libobjc.A.dylib
0x00007fff2ab2b000 	/System/Library/Frameworks/AppKit.framework/Versions/C/AppKit
0x00007fff2d345000 	/System/Library/Frameworks/CoreData.framework/Versions/A/CoreData
0x00007fff5e73b000 	/System/Library/PrivateFrameworks/UIFoundation.framework/Versions/A/UIFoundation
0x00007fff597e0000 	/System/Library/PrivateFrameworks/RemoteViewServices.framework/Versions/A/RemoteViewServices
0x00007fff61290000 	/System/Library/PrivateFrameworks/XCTTargetBootstrap.framework/Versions/A/XCTTargetBootstrap
0x00007fff2d730000 	/System/Library/Frameworks/CoreDisplay.framework/Versions/A/CoreDisplay
0x00007fff32dd6000 	/System/Library/Frameworks/Metal.framework/Versions/A/Metal
0x00007fff47805000 	/System/Library/PrivateFrameworks/DesktopServicesPriv.framework/Versions/A/DesktopServicesPriv
0x00007fff65859000 	/usr/lib/liblangid.dylib
0x00007fff46a9d000 	/System/Library/PrivateFrameworks/CoreSVG.framework/Versions/A/CoreSVG
0x00007fff5c939000 	/System/Library/PrivateFrameworks/SkyLight.framework/Versions/A/SkyLight
0x00007fff2dce2000 	/System/Library/Frameworks/CoreGraphics.framework/Versions/A/CoreGraphics
0x00007fff294ff000 	/System/Library/Frameworks/Accelerate.framework/Versions/A/Accelerate
0x00007fff66b4b000 	/usr/lib/libxml2.2.dylib
0x00007fff52779000 	/System/Library/PrivateFrameworks/IconServices.framework/Versions/A/IconServices
0x00007fff306fa000 	/System/Library/Frameworks/IOSurface.framework/Versions/A/IOSurface
0x00007fff64248000 	/usr/lib/libDiagnosticMessagesClient.dylib
0x00007fff4765f000 	/System/Library/PrivateFrameworks/DFRFoundation.framework/Versions/A/DFRFoundation
0x00007fff655e8000 	/usr/lib/libicucore.A.dylib
0x00007fff2bc6d000 	/System/Library/Frameworks/AudioToolbox.framework/Versions/A/AudioToolbox
0x00007fff2bd3d000 	/System/Library/Frameworks/AudioUnit.framework/Versions/A/AudioUnit
0x00007fff64920000 	/usr/lib/libauto.dylib
0x00007fff47701000 	/System/Library/PrivateFrameworks/DataDetectorsCore.framework/Versions/A/DataDetectorsCore
0x00007fff2c4e2000 	/System/Library/Frameworks/Carbon.framework/Versions/A/Frameworks/HIToolbox.framework/Versions/A/HIToolbox
0x00007fff393a6000 	/System/Library/Frameworks/QuartzCore.framework/Versions/A/QuartzCore
0x00007fff2c821000 	/System/Library/Frameworks/Carbon.framework/Versions/A/Frameworks/SpeechRecognition.framework/Versions/A/SpeechRecognition
0x00007fff47176000 	/System/Library/PrivateFrameworks/CoreUI.framework/Versions/A/CoreUI
0x00007fff2cdb0000 	/System/Library/Frameworks/CoreAudio.framework/Versions/A/CoreAudio
0x00007fff2fbdc000 	/System/Library/Frameworks/DiskArbitration.framework/Versions/A/DiskArbitration
0x00007fff547c7000 	/System/Library/PrivateFrameworks/MultitouchSupport.framework/Versions/A/MultitouchSupport
0x00007fff654af000 	/usr/lib/libenergytrace.dylib
0x00007fff30654000 	/System/Library/Frameworks/IOKit.framework/Versions/A/IOKit
0x00007fff2ec48000 	/System/Library/Frameworks/CoreServices.framework/Versions/A/CoreServices
0x00007fff56976000 	/System/Library/PrivateFrameworks/PerformanceAnalysis.framework/Versions/A/PerformanceAnalysis
0x00007fff383d9000 	/System/Library/Frameworks/OpenGL.framework/Versions/A/OpenGL
0x00007fff2c9cf000 	/System/Library/Frameworks/ColorSync.framework/Versions/A/ColorSync
0x00007fff2e364000 	/System/Library/Frameworks/CoreImage.framework/Versions/A/CoreImage
0x00007fff2f6bb000 	/System/Library/Frameworks/CoreText.framework/Versions/A/CoreText
0x00007fff3078a000 	/System/Library/Frameworks/ImageIO.framework/Versions/A/ImageIO
0x00007fff64a04000 	/usr/lib/libc++.1.dylib
0x00007fff64a80000 	/usr/lib/libcompression.dylib
0x00007fff6458c000 	/usr/lib/libMobileGestalt.dylib
0x00007fff5e4b1000 	/System/Library/PrivateFrameworks/TextureIO.framework/Versions/A/TextureIO
0x00007fff64883000 	/usr/lib/libate.dylib
0x00007fff52982000 	/System/Library/PrivateFrameworks/InternationalSupport.framework/Versions/A/InternationalSupport
0x00007fff6751a000 	/usr/lib/system/libcache.dylib
0x00007fff67520000 	/usr/lib/system/libcommonCrypto.dylib
0x00007fff6752c000 	/usr/lib/system/libcompiler_rt.dylib
0x00007fff67534000 	/usr/lib/system/libcopyfile.dylib
0x00007fff6753e000 	/usr/lib/system/libcorecrypto.dylib
0x00007fff676dd000 	/usr/lib/system/libdispatch.dylib
0x00007fff6771e000 	/usr/lib/system/libdyld.dylib
0x00007fff67755000 	/usr/lib/system/libkeymgr.dylib
0x00007fff67763000 	/usr/lib/system/liblaunch.dylib
0x00007fff67764000 	/usr/lib/system/libmacho.dylib
0x00007fff6776a000 	/usr/lib/system/libquarantine.dylib
0x00007fff6776d000 	/usr/lib/system/libremovefile.dylib
0x00007fff6776f000 	/usr/lib/system/libsystem_asl.dylib
0x00007fff67787000 	/usr/lib/system/libsystem_blocks.dylib
0x00007fff67788000 	/usr/lib/system/libsystem_c.dylib
0x00007fff67810000 	/usr/lib/system/libsystem_configuration.dylib
0x00007fff67814000 	/usr/lib/system/libsystem_coreservices.dylib
0x00007fff67818000 	/usr/lib/system/libsystem_darwin.dylib
0x00007fff67821000 	/usr/lib/system/libsystem_dnssd.dylib
0x00007fff67829000 	/usr/lib/system/libsystem_featureflags.dylib
0x00007fff6782b000 	/usr/lib/system/libsystem_info.dylib
0x00007fff678a6000 	/usr/lib/system/libsystem_m.dylib
0x00007fff678ee000 	/usr/lib/system/libsystem_malloc.dylib
0x00007fff67916000 	/usr/lib/system/libsystem_networkextension.dylib
0x00007fff67924000 	/usr/lib/system/libsystem_notify.dylib
0x00007fff67942000 	/usr/lib/system/libsystem_sandbox.dylib
0x00007fff67947000 	/usr/lib/system/libsystem_secinit.dylib
0x00007fff67879000 	/usr/lib/system/libsystem_kernel.dylib
0x00007fff6792e000 	/usr/lib/system/libsystem_platform.dylib
0x00007fff67937000 	/usr/lib/system/libsystem_pthread.dylib
0x00007fff6794a000 	/usr/lib/system/libsystem_symptoms.dylib
0x00007fff67952000 	/usr/lib/system/libsystem_trace.dylib
0x00007fff6796a000 	/usr/lib/system/libunwind.dylib
0x00007fff67970000 	/usr/lib/system/libxpc.dylib
0x00007fff64a57000 	/usr/lib/libc++abi.dylib
0x00007fff6585b000 	/usr/lib/liblzma.5.dylib
0x00007fff654d6000 	/usr/lib/libfakelink.dylib
0x00007fff64810000 	/usr/lib/libarchive.2.dylib
0x00007fff3b25a000 	/System/Library/Frameworks/SystemConfiguration.framework/Versions/A/SystemConfiguration
0x00007fff6417b000 	/usr/lib/libCRFSuite.dylib
0x00007fff2c0d3000 	/System/Library/Frameworks/CFNetwork.framework/Versions/A/CFNetwork
0x00007fff649e6000 	/usr/lib/libbsm.0.dylib
0x00007fff67756000 	/usr/lib/system/libkxld.dylib
0x00007fff40ff2000 	/System/Library/PrivateFrameworks/AppleFSCompression.framework/Versions/A/AppleFSCompression
0x00007fff64d71000 	/usr/lib/libcoretls.dylib
0x00007fff64d88000 	/usr/lib/libcoretls_cfhelpers.dylib
0x00007fff665c4000 	/usr/lib/libpam.2.dylib
0x00007fff666f9000 	/usr/lib/libsqlite3.dylib
0x00007fff66b38000 	/usr/lib/libxar.1.dylib
0x00007fff649f7000 	/usr/lib/libbz2.1.0.dylib
0x00007fff654f7000 	/usr/lib/libiconv.2.dylib
0x00007fff64a6d000 	/usr/lib/libcharset.1.dylib
0x00007fff66061000 	/usr/lib/libnetwork.dylib
0x00007fff665cb000 	/usr/lib/libpcap.A.dylib
0x00007fff647c5000 	/usr/lib/libapple_nghttp2.dylib
0x00007fff2efff000 	/System/Library/Frameworks/CoreServices.framework/Versions/A/Frameworks/FSEvents.framework/Versions/A/FSEvents
0x00007fff2eccf000 	/System/Library/Frameworks/CoreServices.framework/Versions/A/Frameworks/CarbonCore.framework/Versions/A/CarbonCore
0x00007fff2f243000 	/System/Library/Frameworks/CoreServices.framework/Versions/A/Frameworks/Metadata.framework/Versions/A/Metadata
0x00007fff2f2dc000 	/System/Library/Frameworks/CoreServices.framework/Versions/A/Frameworks/OSServices.framework/Versions/A/OSServices
0x00007fff2f30a000 	/System/Library/Frameworks/CoreServices.framework/Versions/A/Frameworks/SearchKit.framework/Versions/A/SearchKit
0x00007fff2ec49000 	/System/Library/Frameworks/CoreServices.framework/Versions/A/Frameworks/AE.framework/Versions/A/AE
0x00007fff2f008000 	/System/Library/Frameworks/CoreServices.framework/Versions/A/Frameworks/LaunchServices.framework/Versions/A/LaunchServices
0x00007fff2efb1000 	/System/Library/Frameworks/CoreServices.framework/Versions/A/Frameworks/DictionaryServices.framework/Versions/A/DictionaryServices
0x00007fff2f372000 	/System/Library/Frameworks/CoreServices.framework/Versions/A/Frameworks/SharedFileList.framework/Versions/A/SharedFileList
0x00007fff341f9000 	/System/Library/Frameworks/NetFS.framework/Versions/A/NetFS
0x00007fff54cf7000 	/System/Library/PrivateFrameworks/NetAuth.framework/Versions/A/NetAuth
0x00007fff6165d000 	/System/Library/PrivateFrameworks/login.framework/Versions/A/Frameworks/loginsupport.framework/Versions/A/loginsupport
0x00007fff5df7c000 	/System/Library/PrivateFrameworks/TCC.framework/Versions/A/TCC
0x00007fff45c10000 	/System/Library/PrivateFrameworks/CoreNLP.framework/Versions/A/CoreNLP
0x00007fff541f4000 	/System/Library/PrivateFrameworks/MetadataUtilities.framework/Versions/A/MetadataUtilities
0x00007fff65933000 	/usr/lib/libmecabra.dylib
0x00007fff6588b000 	/usr/lib/libmecab.dylib
0x00007fff654e7000 	/usr/lib/libgermantok.dylib
0x00007fff647ac000 	/usr/lib/libThaiTokenizer.dylib
0x00007fff641b2000 	/usr/lib/libChineseTokenizer.dylib
0x00007fff29517000 	/System/Library/Frameworks/Accelerate.framework/Versions/A/Frameworks/vImage.framework/Versions/A/vImage
0x00007fff2a981000 	/System/Library/Frameworks/Accelerate.framework/Versions/A/Frameworks/vecLib.framework/Versions/A/vecLib
0x00007fff2a8be000 	/System/Library/Frameworks/Accelerate.framework/Versions/A/Frameworks/vecLib.framework/Versions/A/libvMisc.dylib
0x00007fff2a6e6000 	/System/Library/Frameworks/Accelerate.framework/Versions/A/Frameworks/vecLib.framework/Versions/A/libvDSP.dylib
0x00007fff29b6e000 	/System/Library/Frameworks/Accelerate.framework/Versions/A/Frameworks/vecLib.framework/Versions/A/libBLAS.dylib
0x00007fff2a2aa000 	/System/Library/Frameworks/Accelerate.framework/Versions/A/Frameworks/vecLib.framework/Versions/A/libLAPACK.dylib
0x00007fff2a646000 	/System/Library/Frameworks/Accelerate.framework/Versions/A/Frameworks/vecLib.framework/Versions/A/libLinearAlgebra.dylib
0x00007fff2a6d3000 	/System/Library/Frameworks/Accelerate.framework/Versions/A/Frameworks/vecLib.framework/Versions/A/libSparseBLAS.dylib
0x00007fff2a65c000 	/System/Library/Frameworks/Accelerate.framework/Versions/A/Frameworks/vecLib.framework/Versions/A/libQuadrature.dylib
0x00007fff29dd6000 	/System/Library/Frameworks/Accelerate.framework/Versions/A/Frameworks/vecLib.framework/Versions/A/libBNNS.dylib
0x00007fff2a662000 	/System/Library/Frameworks/Accelerate.framework/Versions/A/Frameworks/vecLib.framework/Versions/A/libSparse.dylib
0x00007fff52d6a000 	/System/Library/PrivateFrameworks/LanguageModeling.framework/Versions/A/LanguageModeling
0x00007fff455c0000 	/System/Library/PrivateFrameworks/CoreEmoji.framework/Versions/A/CoreEmoji
0x00007fff52e88000 	/System/Library/PrivateFrameworks/LinguisticData.framework/Versions/A/LinguisticData
0x00007fff52e39000 	/System/Library/PrivateFrameworks/Lexicon.framework/Versions/A/Lexicon
0x00007fff64a6e000 	/usr/lib/libcmph.dylib
0x00007fff36de7000 	/System/Library/Frameworks/OpenDirectory.framework/Versions/A/Frameworks/CFOpenDirectory.framework/Versions/A/CFOpenDirectory
0x00007fff36e04000 	/System/Library/Frameworks/OpenDirectory.framework/Versions/A/OpenDirectory
0x00007fff3f229000 	/System/Library/PrivateFrameworks/APFS.framework/Versions/A/APFS
0x00007fff3a4f3000 	/System/Library/Frameworks/SecurityFoundation.framework/Versions/A/SecurityFoundation
0x00007fff66b34000 	/usr/lib/libutil.dylib
0x00007fff46af5000 	/System/Library/PrivateFrameworks/CoreServicesStore.framework/Versions/A/CoreServicesStore
0x00007fff3a5aa000 	/System/Library/Frameworks/ServiceManagement.framework/Versions/A/ServiceManagement
0x00007fff427ba000 	/System/Library/PrivateFrameworks/BackgroundTaskManagement.framework/Versions/A/BackgroundTaskManagement
0x00007fff66c31000 	/usr/lib/libxslt.1.dylib
0x00007fff41665000 	/System/Library/PrivateFrameworks/AppleSystemInfo.framework/Versions/A/AppleSystemInfo
0x00007fff309a5000 	/System/Library/Frameworks/ImageIO.framework/Versions/A/Resources/libJPEG.dylib
0x00007fff30c61000 	/System/Library/Frameworks/ImageIO.framework/Versions/A/Resources/libTIFF.dylib
0x00007fff30c44000 	/System/Library/Frameworks/ImageIO.framework/Versions/A/Resources/libPng.dylib
0x00007fff308e7000 	/System/Library/Frameworks/ImageIO.framework/Versions/A/Resources/libGIF.dylib
0x00007fff308eb000 	/System/Library/Frameworks/ImageIO.framework/Versions/A/Resources/libJP2.dylib
0x00007fff30c5f000 	/System/Library/Frameworks/ImageIO.framework/Versions/A/Resources/libRadiance.dylib
0x00007fff654b0000 	/usr/lib/libexpat.1.dylib
0x00007fff4114d000 	/System/Library/PrivateFrameworks/AppleJPEG.framework/Versions/A/AppleJPEG
0x00007fff49dde000 	/System/Library/PrivateFrameworks/FontServices.framework/libFontParser.dylib
0x00007fff60662000 	/System/Library/PrivateFrameworks/WatchdogClient.framework/Versions/A/WatchdogClient
0x00007fff523c5000 	/System/Library/PrivateFrameworks/IOAccelerator.framework/Versions/A/IOAccelerator
0x00007fff33171000 	/System/Library/Frameworks/MetalPerformanceShaders.framework/Versions/A/MetalPerformanceShaders
0x00007fff4eb5f000 	/System/Library/PrivateFrameworks/GPUWrangler.framework/Versions/A/GPUWrangler
0x00007fff523da000 	/System/Library/PrivateFrameworks/IOPresentment.framework/Versions/A/IOPresentment
0x00007fff47672000 	/System/Library/PrivateFrameworks/DSExternalDisplay.framework/Versions/A/DSExternalDisplay
0x00007fff37778000 	/System/Library/Frameworks/OpenGL.framework/Versions/A/Libraries/libCoreFSCache.dylib
0x00007fff32ebd000 	/System/Library/Frameworks/MetalPerformanceShaders.framework/Frameworks/MPSCore.framework/Versions/A/MPSCore
0x00007fff32efb000 	/System/Library/Frameworks/MetalPerformanceShaders.framework/Frameworks/MPSImage.framework/Versions/A/MPSImage
0x00007fff32fc2000 	/System/Library/Frameworks/MetalPerformanceShaders.framework/Frameworks/MPSNeuralNetwork.framework/Versions/A/MPSNeuralNetwork
0x00007fff32f86000 	/System/Library/Frameworks/MetalPerformanceShaders.framework/Frameworks/MPSMatrix.framework/Versions/A/MPSMatrix
0x00007fff33121000 	/System/Library/Frameworks/MetalPerformanceShaders.framework/Frameworks/MPSRayIntersector.framework/Versions/A/MPSRayIntersector
0x00007fff32fac000 	/System/Library/Frameworks/MetalPerformanceShaders.framework/Frameworks/MPSNDArray.framework/Versions/A/MPSNDArray
0x00007fff54241000 	/System/Library/PrivateFrameworks/MetalTools.framework/Versions/A/MetalTools
0x00007fff403fd000 	/System/Library/PrivateFrameworks/AggregateDictionary.framework/Versions/A/AggregateDictionary
0x00007fff4500a000 	/System/Library/PrivateFrameworks/CoreAnalytics.framework/Versions/A/CoreAnalytics
0x00007fff41584000 	/System/Library/PrivateFrameworks/AppleSauce.framework/Versions/A/AppleSauce
0x00007fff6446e000 	/usr/lib/libIOReport.dylib
0x00007fff2f873000 	/System/Library/Frameworks/CoreVideo.framework/Versions/A/CoreVideo
0x00007fff4ffd9000 	/System/Library/PrivateFrameworks/GraphVisualizer.framework/Versions/A/GraphVisualizer
0x00007fff49325000 	/System/Library/PrivateFrameworks/FaceCore.framework/Versions/A/FaceCore
0x00007fff36d8e000 	/System/Library/Frameworks/OpenCL.framework/Versions/A/OpenCL
0x00007fff64290000 	/usr/lib/libFosl_dynamic.dylib
0x00007fff55717000 	/System/Library/PrivateFrameworks/OTSVG.framework/Versions/A/OTSVG
0x00007fff2ba40000 	/System/Library/Frameworks/ApplicationServices.framework/Versions/A/Frameworks/ATS.framework/Versions/A/Resources/libFontRegistry.dylib
0x00007fff49fb0000 	/System/Library/PrivateFrameworks/FontServices.framework/libhvf.dylib
0x00007fff37783000 	/System/Library/Frameworks/OpenGL.framework/Versions/A/Libraries/libGFXShared.dylib
0x00007fff37961000 	/System/Library/Frameworks/OpenGL.framework/Versions/A/Libraries/libGLU.dylib
0x00007fff3778c000 	/System/Library/Frameworks/OpenGL.framework/Versions/A/Libraries/libGL.dylib
0x00007fff37797000 	/System/Library/Frameworks/OpenGL.framework/Versions/A/Libraries/libGLImage.dylib
0x00007fff37775000 	/System/Library/Frameworks/OpenGL.framework/Versions/A/Libraries/libCVMSPluginSupport.dylib
0x00007fff3777e000 	/System/Library/Frameworks/OpenGL.framework/Versions/A/Libraries/libCoreVMClient.dylib
0x00007fff65f02000 	/usr/lib/libncurses.5.4.dylib
0x00007fff2b93c000 	/System/Library/Frameworks/ApplicationServices.framework/Versions/A/Frameworks/ATS.framework/Versions/A/ATS
0x00007fff2bb09000 	/System/Library/Frameworks/ApplicationServices.framework/Versions/A/Frameworks/ColorSyncLegacy.framework/Versions/A/ColorSyncLegacy
0x00007fff2bba7000 	/System/Library/Frameworks/ApplicationServices.framework/Versions/A/Frameworks/HIServices.framework/Versions/A/HIServices
0x00007fff2bbff000 	/System/Library/Frameworks/ApplicationServices.framework/Versions/A/Frameworks/LangAnalysis.framework/Versions/A/LangAnalysis
0x00007fff2bc0e000 	/System/Library/Frameworks/ApplicationServices.framework/Versions/A/Frameworks/PrintCore.framework/Versions/A/PrintCore
0x00007fff2bc54000 	/System/Library/Frameworks/ApplicationServices.framework/Versions/A/Frameworks/QD.framework/Versions/A/QD
0x00007fff2bc5f000 	/System/Library/Frameworks/ApplicationServices.framework/Versions/A/Frameworks/SpeechSynthesis.framework/Versions/A/SpeechSynthesis
0x00007fff2bad9000 	/System/Library/Frameworks/ApplicationServices.framework/Versions/A/Frameworks/ATSUI.framework/Versions/A/ATSUI
0x00007fff65346000 	/usr/lib/libcups.2.dylib
0x00007fff3220c000 	/System/Library/Frameworks/Kerberos.framework/Versions/A/Kerberos
0x00007fff3034d000 	/System/Library/Frameworks/GSS.framework/Versions/A/GSS
0x00007fff66685000 	/usr/lib/libresolv.9.dylib
0x00007fff50185000 	/System/Library/PrivateFrameworks/Heimdal.framework/Versions/A/Heimdal
0x00007fff3221f000 	/System/Library/Frameworks/Kerberos.framework/Versions/A/Libraries/libHeimdalProxy.dylib
0x00007fff654ed000 	/usr/lib/libheimdal-asn1.dylib
0x00007fff444a5000 	/System/Library/PrivateFrameworks/CommonAuth.framework/Versions/A/CommonAuth
0x00007fff41702000 	/System/Library/PrivateFrameworks/AssertionServices.framework/Versions/A/AssertionServices
0x00007fff422a4000 	/System/Library/PrivateFrameworks/AudioToolboxCore.framework/Versions/A/AudioToolboxCore
0x00007fff6130d000 	/System/Library/PrivateFrameworks/caulk.framework/Versions/A/caulk
0x00007fff42866000 	/System/Library/PrivateFrameworks/BaseBoard.framework/Versions/A/BaseBoard
0x00007fff5996e000 	/System/Library/PrivateFrameworks/RunningBoardServices.framework/Versions/A/RunningBoardServices
0x00007fff56982000 	/System/Library/PrivateFrameworks/PersistentConnection.framework/Versions/A/PersistentConnection
0x00007fff59368000 	/System/Library/PrivateFrameworks/ProtocolBuffer.framework/Versions/A/ProtocolBuffer
0x00007fff444c9000 	/System/Library/PrivateFrameworks/CommonUtilities.framework/Versions/A/CommonUtilities
0x00007fff429f4000 	/System/Library/PrivateFrameworks/Bom.framework/Versions/A/Bom
0x00007fff64141000 	/usr/lib/libAudioToolboxUtility.dylib
0x00007fff427c4000 	/System/Library/PrivateFrameworks/Backup.framework/Versions/A/Backup
0x00007fff47593000 	/System/Library/PrivateFrameworks/CrashReporterSupport.framework/Versions/A/CrashReporterSupport
0x00007fff5b3ff000 	/System/Library/PrivateFrameworks/Sharing.framework/Versions/A/Sharing
0x00007fff40d10000 	/System/Library/PrivateFrameworks/Apple80211.framework/Versions/A/Apple80211
0x00007fff424e1000 	/System/Library/PrivateFrameworks/AuthKit.framework/Versions/A/AuthKit
0x00007fff472a3000 	/System/Library/PrivateFrameworks/CoreUtils.framework/Versions/A/CoreUtils
0x00007fff2f8b8000 	/System/Library/Frameworks/CoreWLAN.framework/Versions/A/CoreWLAN
0x00007fff304da000 	/System/Library/Frameworks/IOBluetooth.framework/Versions/A/IOBluetooth
0x00007fff54546000 	/System/Library/PrivateFrameworks/MobileKeyBag.framework/Versions/A/MobileKeyBag
0x00007fff460a8000 	/System/Library/PrivateFrameworks/CorePhoneNumbers.framework/Versions/A/CorePhoneNumbers
0x00007fff41100000 	/System/Library/PrivateFrameworks/AppleIDAuthSupport.framework/Versions/A/AppleIDAuthSupport
0x00007fff34206000 	/System/Library/Frameworks/Network.framework/Versions/A/Network
0x00007fff52c16000 	/System/Library/PrivateFrameworks/KeychainCircle.framework/Versions/A/KeychainCircle
0x00007fff2d30c000 	/System/Library/Frameworks/CoreBluetooth.framework/Versions/A/CoreBluetooth
0x00007fff5d47c000 	/System/Library/PrivateFrameworks/SpeechRecognitionCore.framework/Versions/A/SpeechRecognitionCore
0x000000010ec00000 	/Library/Java/JavaVirtualMachines/jdk-11.0.6.jdk/Contents/Home/lib/server/libjvm.dylib
0x000000010dbd5000 	/Library/Java/JavaVirtualMachines/jdk-11.0.6.jdk/Contents/Home/lib/libverify.dylib
0x000000010f946000 	/Library/Java/JavaVirtualMachines/jdk-11.0.6.jdk/Contents/Home/lib/libjava.dylib
0x000000010f973000 	/Library/Java/JavaVirtualMachines/jdk-11.0.6.jdk/Contents/Home/lib/libinstrument.dylib
0x000000010dbec000 	/Library/Java/JavaVirtualMachines/jdk-11.0.6.jdk/Contents/Home/lib/libzip.dylib
0x000000010dbf3000 	/Library/Java/JavaVirtualMachines/jdk-11.0.6.jdk/Contents/Home/lib/libjimage.dylib
0x00000001174c9000 	/Library/Java/JavaVirtualMachines/jdk-11.0.6.jdk/Contents/Home/lib/libnio.dylib
0x00000001174d7000 	/Library/Java/JavaVirtualMachines/jdk-11.0.6.jdk/Contents/Home/lib/libnet.dylib
0x00000001174eb000 	/Library/Java/JavaVirtualMachines/jdk-11.0.6.jdk/Contents/Home/lib/libextnet.dylib
0x00000001174ee000 	/private/var/folders/9d/spdz_1fs6qxb93d6wyk99wfh0000gn/T/lwjglmadscientist/3.2.3-build-13/liblwjgl.dylib
0x0000000117516000 	/private/var/folders/9d/spdz_1fs6qxb93d6wyk99wfh0000gn/T/lwjglmadscientist/3.2.3-build-13/libglfw.dylib
0x00007fff46ac1000 	/System/Library/PrivateFrameworks/CoreServicesInternal.framework/Versions/A/CoreServicesInternal
0x00007fff2fdd5000 	/System/Library/Frameworks/FileProvider.framework/Versions/A/FileProvider
0x00007fff2a982000 	/System/Library/Frameworks/Accounts.framework/Versions/A/Accounts
0x00007fff4ee84000 	/System/Library/PrivateFrameworks/GenerationalStorage.framework/Versions/A/GenerationalStorage
0x00007fff47048000 	/System/Library/PrivateFrameworks/CoreSymbolication.framework/Versions/A/CoreSymbolication
0x00007fff5dcbc000 	/System/Library/PrivateFrameworks/SymptomDiagnosticReporter.framework/Versions/A/SymptomDiagnosticReporter
0x00007fff40815000 	/System/Library/PrivateFrameworks/AppContainer.framework/Versions/A/AppContainer
0x00007fff6669f000 	/usr/lib/libsandbox.1.dylib
0x00007fff5f606000 	/System/Library/PrivateFrameworks/UserManagement.framework/Versions/A/UserManagement
0x00007fff435af000 	/System/Library/PrivateFrameworks/ChunkingLibrary.framework/Versions/A/ChunkingLibrary
0x00007fff477c7000 	/System/Library/PrivateFrameworks/DebugSymbols.framework/Versions/A/DebugSymbols
0x00007fff40887000 	/System/Library/PrivateFrameworks/AppSandbox.framework/Versions/A/AppSandbox
0x00007fff5b289000 	/System/Library/PrivateFrameworks/SecCodeWrapper.framework/Versions/A/SecCodeWrapper
0x00007fff64556000 	/usr/lib/libMatch.1.dylib
0x00007fff29500000 	/System/Library/Frameworks/Accelerate.framework/Versions/A/Frameworks/vImage.framework/Versions/A/Libraries/libCGInterfaces.dylib
0x00007fff23d27000 	/System/Library/Extensions/AppleIntelHD5000GraphicsMTLDriver.bundle/Contents/MacOS/AppleIntelHD5000GraphicsMTLDriver
0x00007fff4d4a1000 	/System/Library/PrivateFrameworks/GPUCompiler.framework/Versions/3902/Libraries/libmetal_timestamp.dylib
0x00007fff49f17000 	/System/Library/PrivateFrameworks/FontServices.framework/libTrueTypeScaler.dylib


VM Arguments:
jvm_args: -javaagent:/Applications/IntelliJ IDEA Edu.app/Contents/lib/idea_rt.jar=52530:/Applications/IntelliJ IDEA Edu.app/Contents/bin -Dfile.encoding=UTF-8 
java_command: com.bubble.hearthstone.Hearthstone
java_class_path (initial): /Users/madscientist/Desktop/Documents/AP/Hearthstone copy 2/bin:/Users/madscientist/Desktop/Documents/AP/Hearthstone copy 2/lib/org/lwjgl/lwjgl/lwjgl-natives-linux-arm32.jar:/Users/madscientist/Desktop/Documents/AP/Hearthstone copy 2/lib/org/lwjgl/lwjgl/lwjgl-natives-linux-arm64.jar:/Users/madscientist/Desktop/Documents/AP/Hearthstone copy 2/lib/org/lwjgl/lwjgl/lwjgl-natives-linux.jar:/Users/madscientist/Desktop/Documents/AP/Hearthstone copy 2/lib/org/lwjgl/lwjgl/lwjgl-natives-macos.jar:/Users/madscientist/Desktop/Documents/AP/Hearthstone copy 2/lib/org/lwjgl/lwjgl/lwjgl-natives-windows-x86.jar:/Users/madscientist/Desktop/Documents/AP/Hearthstone copy 2/lib/org/lwjgl/lwjgl/lwjgl-natives-windows.jar:/Users/madscientist/Desktop/Documents/AP/Hearthstone copy 2/lib/org/lwjgl/lwjgl/lwjgl.jar:/Users/madscientist/Desktop/Documents/AP/Hearthstone copy 2/lib/org/lwjgl/lwjgl-glfw/lwjgl-glfw-natives-linux-arm32.jar:/Users/madscientist/Desktop/Documents/AP/Hearthstone copy 2/lib/org/lwjgl/lwjgl-glfw/lwjgl-glfw-natives-linux-arm64.jar:/Users/madscientist/Desktop/Documents/AP/Hearthstone copy 2/lib/org/lwjgl/lwjgl-glfw/lwjgl-glfw-natives-linux.jar:/Users/madscientist/Desktop/Documents/AP/Hearthstone copy 2/lib/org/lwjgl/lwjgl-glfw/lwjgl-glfw-natives-macos.jar:/Users/madscientist/Desktop/Documents/AP/Hearthstone copy 2/lib/org/lwjgl/lwjgl-glfw/lwjgl-glfw-natives-windows-x86.jar:/Users/madscientist/Desktop/Documents/AP/Hearthstone copy 2/lib/org/lwjgl/lwjgl-glfw/lwjgl-glfw-natives-windows.jar:/Users/madscientist/Desktop/Documents/AP/Hearthstone copy 2/lib/org/lwjgl/lwjgl-glfw/lwjgl-glfw.jar:/Users/madscientist/Desktop/Documents/AP/Hearthstone copy 2/lib/org/lwjgl/lwjgl-opengl/lwjgl-opengl-natives-linux-arm32.jar:/Users/madscientist/Desktop/Documents/AP/Hearthstone copy 2/lib/org/lwjgl/lwjgl-opengl/lwjgl-opengl-natives-linux-arm64.jar:/Users/madscientist/Desktop/Documents/AP/Hearthstone copy 2/lib/org/lwjgl/lwjgl-opengl/lwjgl-opengl-natives-linux.jar:/Us
Launcher Type: SUN_STANDARD

[Global flags]
     intx CICompilerCount                          = 4                                         {product} {ergonomic}
     uint ConcGCThreads                            = 2                                         {product} {ergonomic}
     uint G1ConcRefinementThreads                  = 8                                         {product} {ergonomic}
   size_t G1HeapRegionSize                         = 1048576                                   {product} {ergonomic}
    uintx GCDrainStackTargetSize                   = 64                                        {product} {ergonomic}
   size_t InitialHeapSize                          = 268435456                                 {product} {ergonomic}
   size_t MarkStackSize                            = 4194304                                   {product} {ergonomic}
   size_t MaxHeapSize                              = 4294967296                                {product} {ergonomic}
   size_t MaxNewSize                               = 2576351232                                {product} {ergonomic}
   size_t MinHeapDeltaBytes                        = 1048576                                   {product} {ergonomic}
    uintx NonNMethodCodeHeapSize                   = 5836300                                {pd product} {ergonomic}
    uintx NonProfiledCodeHeapSize                  = 122910970                              {pd product} {ergonomic}
    uintx ProfiledCodeHeapSize                     = 122910970                              {pd product} {ergonomic}
    uintx ReservedCodeCacheSize                    = 251658240                              {pd product} {ergonomic}
     bool SegmentedCodeCache                       = true                                      {product} {ergonomic}
     bool UseCompressedClassPointers               = true                                 {lp64_product} {ergonomic}
     bool UseCompressedOops                        = true                                 {lp64_product} {ergonomic}
     bool UseG1GC                                  = true                                      {product} {ergonomic}

Logging:
Log output configuration:
 #0: stdout all=warning uptime,level,tags
 #1: stderr all=off uptime,level,tags

Environment Variables:
PATH=/Library/Frameworks/Python.framework/Versions/3.7/bin:/usr/local/bin:/usr/bin:/bin:/usr/sbin:/sbin
SHELL=/bin/zsh

Signal Handlers:
SIGSEGV: [libjvm.dylib+0x73ea04], sa_mask[0]=11111111011111110111111111111111, sa_flags=SA_ONSTACK|SA_RESTART|SA_SIGINFO
SIGBUS: [libjvm.dylib+0x73ea04], sa_mask[0]=11111111011111110111111111111111, sa_flags=SA_RESTART|SA_SIGINFO
SIGFPE: [libjvm.dylib+0x73ea04], sa_mask[0]=11111111011111110111111111111111, sa_flags=SA_RESTART|SA_SIGINFO
SIGPIPE: [libjvm.dylib+0x5f1e1f], sa_mask[0]=11111111011111110111111111111111, sa_flags=SA_RESTART|SA_SIGINFO
SIGXFSZ: [libjvm.dylib+0x5f1e1f], sa_mask[0]=11111111011111110111111111111111, sa_flags=SA_RESTART|SA_SIGINFO
SIGILL: [libjvm.dylib+0x73ea04], sa_mask[0]=11111111011111110111111111111111, sa_flags=SA_RESTART|SA_SIGINFO
SIGUSR2: [libjvm.dylib+0x5f2409], sa_mask[0]=00100000000000000000000000000000, sa_flags=SA_RESTART|SA_SIGINFO
SIGHUP: [libjvm.dylib+0x5f0e67], sa_mask[0]=11111111011111110111111111111111, sa_flags=SA_RESTART|SA_SIGINFO
SIGINT: [libjvm.dylib+0x5f0e67], sa_mask[0]=11111111011111110111111111111111, sa_flags=SA_RESTART|SA_SIGINFO
SIGTERM: [libjvm.dylib+0x5f0e67], sa_mask[0]=11111111011111110111111111111111, sa_flags=SA_RESTART|SA_SIGINFO
SIGQUIT: [libjvm.dylib+0x5f0e67], sa_mask[0]=11111111011111110111111111111111, sa_flags=SA_RESTART|SA_SIGINFO


---------------  S Y S T E M  ---------------

OS:uname:Darwin 19.5.0 Darwin Kernel Version 19.5.0: Thu Apr 30 07:42:45 PDT 2020; root:xnu-6153.121.1~3/RELEASE_X86_64 x86_64
rlimit: STACK 8192k, CORE 0k, NPROC 2784, NOFILE 10240, AS infinity, DATA infinity, FSIZE infinity
load average:2.62 2.44 2.48

CPU:total 8 (initial active 8) (4 cores per cpu, 2 threads per core) family 6 model 70 stepping 1, cmov, cx8, fxsr, mmx, sse, sse2, sse3, ssse3, sse4.1, sse4.2, popcnt, avx, avx2, aes, clmul, erms, lzcnt, ht, tsc, tscinvbit, bmi1, bmi2, fma

Memory: 4k page, physical 16777216k(191112k free)

vm_info: Java HotSpot(TM) 64-Bit Server VM (11.0.6+8-LTS) for bsd-amd64 JRE (11.0.6+8-LTS), built on Dec 11 2019 09:19:47 by "mach5one" with gcc 4.2.1 Compatible Apple LLVM 10.0.0 (clang-1000.11.45.5)

END.
